#
# A fatal error has been detected by the Java Runtime Environment:
#
#  EXCEPTION_UNCAUGHT_CXX_EXCEPTION (0xe06d7363) at pc=0x75239617, pid=5076, tid=5248
#
# JRE version: 7.0_21-b11
# Java VM: Java HotSpot(TM) Client VM (23.21-b01 mixed mode, sharing windows-x86 )
# Problematic frame:
# C  [KERNELBASE.dll+0x9617]  RaiseException+0x54
#
# Failed to write core dump. Minidumps are not enabled by default on client versions of Windows
#
# If you would like to submit a bug report, please visit:
#   http://bugreport.sun.com/bugreport/crash.jsp
# The crash happened outside the Java Virtual Machine in native code.
# See problematic frame for where to report the bug.
#

---------------  T H R E A D  ---------------

Current thread (0x00e4b000):  JavaThread "main" [_thread_in_native, id=5248, stack(0x00660000,0x006b0000)]

siginfo: ExceptionCode=0xe06d7363, ExceptionInformation=0x19930520 0x0069b900 0x6792a2b4 

Registers:
EAX=0x0069b85c, EBX=0x00000ef7, ECX=0x00000003, EDX=0x00000000
ESP=0x0069b85c, EBP=0x0069b8ac, ESI=0x006ace54, EDI=0x67a61ec6
EIP=0x75239617, EFLAGS=0x00000206

Top of Stack: (sp=0x0069b85c)
0x0069b85c:   e06d7363 00000001 00000000 75239617
0x0069b86c:   00000003 19930520 0069b900 6792a2b4
0x0069b87c:   00000000 04073988 0069b964 0069b870
0x0069b88c:   0069b964 00000030 0069b8b4 677540de
0x0069b89c:   04073988 04073940 00000030 006ace54
0x0069b8ac:   0069b8e4 67a77819 e06d7363 00000001
0x0069b8bc:   00000003 0069b8d8 e06d7363 00000001
0x0069b8cc:   00000000 00000000 00000003 19930520 

Instructions: (pc=0x75239617)
0x752395f7:   89 45 c0 c1 e0 02 50 ff 75 14 8d 45 c4 50 e8 6f
0x75239607:   d1 ff ff 83 c4 0c 8d 45 b0 50 ff 15 6c 11 23 75
0x75239617:   c9 c2 10 00 89 45 c0 eb ed 90 90 90 90 90 8b ff
0x75239627:   55 8b ec 83 ec 1c 6a 00 6a 1c 8d 45 e4 50 6a 00 


Register to memory mapping:

EAX=0x0069b85c is pointing into the stack for thread: 0x00e4b000
EBX=0x00000ef7 is an unknown value
ECX=0x00000003 is an unknown value
EDX=0x00000000 is an unknown value
ESP=0x0069b85c is pointing into the stack for thread: 0x00e4b000
EBP=0x0069b8ac is pointing into the stack for thread: 0x00e4b000
ESI=0x006ace54 is pointing into the stack for thread: 0x00e4b000
EDI=0x67a61ec6 is an unknown value


Stack: [0x00660000,0x006b0000],  sp=0x0069b85c,  free space=238k
Native frames: (J=compiled Java code, j=interpreted, Vv=VM code, C=native code)
C  [KERNELBASE.dll+0x9617]  RaiseException+0x54
C  [msvcr100.dll+0x27819]  CxxThrowException+0x45

Java frames: (J=compiled Java code, j=interpreted, Vv=VM code)
j  com.googlecode.javacv.cpp.opencv_imgproc.cvCvtColor(Lcom/googlecode/javacv/cpp/opencv_core$CvArr;Lcom/googlecode/javacv/cpp/opencv_core$CvArr;I)V+0
j  CVMotionDetector.main([Ljava/lang/String;)V+180
v  ~StubRoutines::call_stub

---------------  P R O C E S S  ---------------

Java Threads: ( => current thread )
  0x03fbf000 JavaThread "AWT-EventQueue-0" [_thread_blocked, id=3488, stack(0x010f0000,0x01140000)]
  0x03f8c400 JavaThread "AWT-Windows" daemon [_thread_in_native, id=512, stack(0x04360000,0x043b0000)]
  0x03f8b800 JavaThread "AWT-Shutdown" [_thread_blocked, id=2284, stack(0x00dc0000,0x00e10000)]
  0x03f88c00 JavaThread "Java2D Disposer" daemon [_thread_blocked, id=4448, stack(0x041d0000,0x04220000)]
  0x00d9a000 JavaThread "Service Thread" daemon [_thread_blocked, id=5020, stack(0x01140000,0x01190000)]
  0x00d8c800 JavaThread "C1 CompilerThread0" daemon [_thread_blocked, id=4504, stack(0x03e50000,0x03ea0000)]
  0x00d8b400 JavaThread "Attach Listener" daemon [_thread_blocked, id=6048, stack(0x00f70000,0x00fc0000)]
  0x00d88000 JavaThread "Signal Dispatcher" daemon [_thread_blocked, id=2688, stack(0x00f10000,0x00f60000)]
  0x00d74000 JavaThread "Finalizer" daemon [_thread_blocked, id=4728, stack(0x01000000,0x01050000)]
  0x00d72000 JavaThread "Reference Handler" daemon [_thread_blocked, id=4472, stack(0x01080000,0x010d0000)]
=>0x00e4b000 JavaThread "main" [_thread_in_native, id=5248, stack(0x00660000,0x006b0000)]

Other Threads:
  0x00d70c00 VMThread [stack: 0x00860000,0x008b0000] [id=3780]
  0x00db6000 WatcherThread [stack: 0x03ec0000,0x03f10000] [id=5160]

VM state:not at safepoint (normal execution)

VM Mutex/Monitor currently owned by a thread: None

Heap
 def new generation   total 4928K, used 3555K [0x236d0000, 0x23c20000, 0x28c20000)
  eden space 4416K,  68% used [0x236d0000, 0x239c8db8, 0x23b20000)
  from space 512K, 100% used [0x23ba0000, 0x23c20000, 0x23c20000)
  to   space 512K,   0% used [0x23b20000, 0x23b20000, 0x23ba0000)
 tenured generation   total 10944K, used 582K [0x28c20000, 0x296d0000, 0x336d0000)
   the space 10944K,   5% used [0x28c20000, 0x28cb19b0, 0x28cb1a00, 0x296d0000)
 compacting perm gen  total 12288K, used 1771K [0x336d0000, 0x342d0000, 0x376d0000)
   the space 12288K,  14% used [0x336d0000, 0x3388ad88, 0x3388ae00, 0x342d0000)
    ro space 10240K,  45% used [0x376d0000, 0x37b57988, 0x37b57a00, 0x380d0000)
    rw space 12288K,  54% used [0x380d0000, 0x3875b5d8, 0x3875b600, 0x38cd0000)

Card table byte_map: [0x00e50000,0x00f00000] byte_map_base: 0x00d34980

Polling page: 0x00200000

Code Cache  [0x01de0000, 0x01eb8000, 0x03de0000)
 total_blobs=388 nmethods=157 adapters=166 free_code_cache=31927Kb largest_free_block=32693376

Compilation events (10 events):
Event: 6.166 Thread 0x00d8c800  153             sun.java2d.loops.CompositeType::getUniqueID (5 bytes)
Event: 6.166 Thread 0x00d8c800 nmethod 153 0x01eb1148 code [0x01eb1240, 0x01eb12c0]
Event: 6.263 Thread 0x00d8c800  154             java.lang.String::endsWith (17 bytes)
Event: 6.263 Thread 0x00d8c800 nmethod 154 0x01eb1308 code [0x01eb1410, 0x01eb14bc]
Event: 6.268 Thread 0x00d8c800  155             java.util.jar.JarFile::getEntry (22 bytes)
Event: 6.269 Thread 0x00d8c800 nmethod 155 0x01eb1588 code [0x01eb16a0, 0x01eb17c8]
Event: 6.269 Thread 0x00d8c800  156   !         java.util.zip.ZipFile::getEntry (86 bytes)
Event: 6.270 Thread 0x00d8c800 nmethod 156 0x01eb1888 code [0x01eb19d0, 0x01eb1d78]
Event: 6.457 Thread 0x00d8c800  157             java.util.LinkedList::indexOf (73 bytes)
Event: 6.458 Thread 0x00d8c800 nmethod 157 0x01eb2008 code [0x01eb2120, 0x01eb226c]

GC Heap History (2 events):
Event: 5.697 GC heap before
{Heap before GC invocations=0 (full 0):
 def new generation   total 4928K, used 4416K [0x236d0000, 0x23c20000, 0x28c20000)
  eden space 4416K, 100% used [0x236d0000, 0x23b20000, 0x23b20000)
  from space 512K,   0% used [0x23b20000, 0x23b20000, 0x23ba0000)
  to   space 512K,   0% used [0x23ba0000, 0x23ba0000, 0x23c20000)
 tenured generation   total 10944K, used 0K [0x28c20000, 0x296d0000, 0x336d0000)
   the space 10944K,   0% used [0x28c20000, 0x28c20000, 0x28c20200, 0x296d0000)
 compacting perm gen  total 12288K, used 1334K [0x336d0000, 0x342d0000, 0x376d0000)
   the space 12288K,  10% used [0x336d0000, 0x3381da20, 0x3381dc00, 0x342d0000)
    ro space 10240K,  45% used [0x376d0000, 0x37b57988, 0x37b57a00, 0x380d0000)
    rw space 12288K,  54% used [0x380d0000, 0x3875b5d8, 0x3875b600, 0x38cd0000)
Event: 5.711 GC heap after
Heap after GC invocations=1 (full 0):
 def new generation   total 4928K, used 512K [0x236d0000, 0x23c20000, 0x28c20000)
  eden space 4416K,   0% used [0x236d0000, 0x236d0000, 0x23b20000)
  from space 512K, 100% used [0x23ba0000, 0x23c20000, 0x23c20000)
  to   space 512K,   0% used [0x23b20000, 0x23b20000, 0x23ba0000)
 tenured generation   total 10944K, used 582K [0x28c20000, 0x296d0000, 0x336d0000)
   the space 10944K,   5% used [0x28c20000, 0x28cb19b0, 0x28cb1a00, 0x296d0000)
 compacting perm gen  total 12288K, used 1334K [0x336d0000, 0x342d0000, 0x376d0000)
   the space 12288K,  10% used [0x336d0000, 0x3381da20, 0x3381dc00, 0x342d0000)
    ro space 10240K,  45% used [0x376d0000, 0x37b57988, 0x37b57a00, 0x380d0000)
    rw space 12288K,  54% used [0x380d0000, 0x3875b5d8, 0x3875b600, 0x38cd0000)
}

Deoptimization events (0 events):
No events

Internal exceptions (10 events):
Event: 6.280 Thread 0x00e4b000 Threw 0x2397cc20 at C:\jdk7u2_32P\jdk7u21\hotspot\src\share\vm\prims\jvm.cpp:1166
Event: 6.281 Thread 0x00e4b000 Threw 0x23980590 at C:\jdk7u2_32P\jdk7u21\hotspot\src\share\vm\prims\jvm.cpp:1166
Event: 6.282 Thread 0x00e4b000 Threw 0x23983770 at C:\jdk7u2_32P\jdk7u21\hotspot\src\share\vm\prims\jvm.cpp:1166
Event: 6.305 Thread 0x00e4b000 Threw 0x2398f938 at C:\jdk7u2_32P\jdk7u21\hotspot\src\share\vm\prims\jvm.cpp:1166
Event: 6.318 Thread 0x00e4b000 Threw 0x23993a58 at C:\jdk7u2_32P\jdk7u21\hotspot\src\share\vm\prims\jvm.cpp:1166
Event: 6.323 Thread 0x00e4b000 Threw 0x2399f068 at C:\jdk7u2_32P\jdk7u21\hotspot\src\share\vm\prims\jvm.cpp:1166
Event: 6.326 Thread 0x00e4b000 Threw 0x239a1cf8 at C:\jdk7u2_32P\jdk7u21\hotspot\src\share\vm\prims\jvm.cpp:1166
Event: 6.330 Thread 0x00e4b000 Threw 0x239a8bd8 at C:\jdk7u2_32P\jdk7u21\hotspot\src\share\vm\prims\jvm.cpp:1166
Event: 6.332 Thread 0x00e4b000 Threw 0x239ab6c8 at C:\jdk7u2_32P\jdk7u21\hotspot\src\share\vm\prims\jvm.cpp:1166
Event: 6.453 Thread 0x00e4b000 Threw 0x239b0db0 at C:\jdk7u2_32P\jdk7u21\hotspot\src\share\vm\prims\jvm.cpp:1166

Events (10 events):
Event: 6.394 Executing VM operation: RevokeBias
Event: 6.394 Executing VM operation: RevokeBias done
Event: 6.395 Executing VM operation: RevokeBias
Event: 6.395 Executing VM operation: RevokeBias done
Event: 6.395 Executing VM operation: RevokeBias
Event: 6.395 Executing VM operation: RevokeBias done
Event: 6.395 Executing VM operation: RevokeBias
Event: 6.395 Executing VM operation: RevokeBias done
Event: 6.453 loading class 0x04089cc8
Event: 6.453 loading class 0x04089cc8 done


Dynamic libraries:
0x011b0000 - 0x011df000 	C:\Program Files\Java\jdk1.7.0_21\bin\java.exe
0x77060000 - 0x7719c000 	C:\Windows\SYSTEM32\ntdll.dll
0x6faa0000 - 0x6fadf000 	C:\Program Files\Alwil Software\Avast5\snxhk.dll
0x75580000 - 0x75654000 	C:\Windows\system32\KERNEL32.dll
0x75230000 - 0x7527a000 	C:\Windows\system32\KERNELBASE.dll
0x76f20000 - 0x76fc0000 	C:\Windows\system32\ADVAPI32.dll
0x771e0000 - 0x7728c000 	C:\Windows\system32\msvcrt.dll
0x75ab0000 - 0x75ac9000 	C:\Windows\SYSTEM32\sechost.dll
0x75d00000 - 0x75da1000 	C:\Windows\system32\RPCRT4.dll
0x754b0000 - 0x75579000 	C:\Windows\system32\USER32.dll
0x759e0000 - 0x75a2e000 	C:\Windows\system32\GDI32.dll
0x771d0000 - 0x771da000 	C:\Windows\system32\LPK.dll
0x75c10000 - 0x75cad000 	C:\Windows\system32\USP10.dll
0x73b40000 - 0x73cde000 	C:\Windows\WinSxS\x86_microsoft.windows.common-controls_6595b64144ccf1df_6.0.7600.16385_none_421189da2b7fabfc\COMCTL32.dll
0x76cc0000 - 0x76d17000 	C:\Windows\system32\SHLWAPI.dll
0x75660000 - 0x7567f000 	C:\Windows\system32\IMM32.DLL
0x75680000 - 0x7574c000 	C:\Windows\system32\MSCTF.dll
0x75100000 - 0x751a1000 	C:\Windows\system32\Scdetour.dll
0x0f000000 - 0x0f006000 	C:\Windows\system32\detoured.dll
0x76e80000 - 0x76e85000 	C:\Windows\system32\PSAPI.DLL
0x67a50000 - 0x67b0e000 	C:\Program Files\Java\jdk1.7.0_21\jre\bin\msvcr100.dll
0x64c10000 - 0x64f5f000 	C:\Program Files\Java\jdk1.7.0_21\jre\bin\client\jvm.dll
0x71170000 - 0x71177000 	C:\Windows\system32\WSOCK32.dll
0x76fc0000 - 0x76ff5000 	C:\Windows\system32\WS2_32.dll
0x76050000 - 0x76056000 	C:\Windows\system32\NSI.dll
0x730c0000 - 0x730f2000 	C:\Windows\system32\WINMM.dll
0x73d30000 - 0x73d3c000 	C:\Program Files\Java\jdk1.7.0_21\jre\bin\verify.dll
0x72b20000 - 0x72b40000 	C:\Program Files\Java\jdk1.7.0_21\jre\bin\java.dll
0x72ca0000 - 0x72cb3000 	C:\Program Files\Java\jdk1.7.0_21\jre\bin\zip.dll
0x64820000 - 0x64962000 	C:\Program Files\Java\jdk1.7.0_21\jre\bin\awt.dll
0x76e90000 - 0x76f1f000 	C:\Windows\system32\OLEAUT32.dll
0x76d20000 - 0x76e7c000 	C:\Windows\system32\ole32.dll
0x73690000 - 0x736a3000 	C:\Windows\system32\DWMAPI.DLL
0x73b00000 - 0x73b40000 	C:\Windows\system32\uxtheme.dll
0x74c20000 - 0x74c2c000 	C:\Windows\system32\CRYPTBASE.dll
0x76060000 - 0x76ca9000 	C:\Windows\system32\SHELL32.dll
0x71d50000 - 0x71d81000 	C:\Program Files\Java\jdk1.7.0_21\jre\bin\fontmanager.dll
0x71c60000 - 0x71d1e000 	C:\Users\rahul\AppData\Local\Temp\javacpp8946777891858\msvcr100.dll
0x72bc0000 - 0x72c29000 	C:\Users\rahul\AppData\Local\Temp\javacpp8946777891858\msvcp100.dll
0x05080000 - 0x05fb6000 	C:\Users\rahul\AppData\Local\Temp\javacpp8946777891858\opencv_ffmpeg248.dll
0x67750000 - 0x67956000 	C:\Users\rahul\AppData\Local\Temp\javacpp8946777891858\opencv_core248.dll
0x651a0000 - 0x6540b000 	C:\Users\rahul\AppData\Local\Temp\javacpp8946777891858\opencv_imgproc248.dll
0x64f90000 - 0x65197000 	C:\Users\rahul\AppData\Local\Temp\javacpp8946777891858\opencv_highgui248.dll
0x73180000 - 0x73199000 	C:\Windows\system32\AVIFIL32.dll
0x73ab0000 - 0x73ac4000 	C:\Windows\system32\MSACM32.dll
0x71da0000 - 0x71dc1000 	C:\Windows\system32\MSVFW32.dll
0x72ba0000 - 0x72bb3000 	C:\Windows\system32\AVICAP32.dll
0x74cf0000 - 0x74cf9000 	C:\Windows\system32\VERSION.dll
0x72c70000 - 0x72c7f000 	C:\Users\rahul\AppData\Local\Temp\javacpp8946777891858\jniopencv_highgui.dll
0x75750000 - 0x757d3000 	C:\Windows\system32\CLBCatQ.DLL
0x72b60000 - 0x72b74000 	C:\Windows\system32\devenum.dll
0x75db0000 - 0x75f4d000 	C:\Windows\system32\setupapi.dll
0x752d0000 - 0x752f7000 	C:\Windows\system32\CFGMGR32.dll
0x75280000 - 0x75292000 	C:\Windows\system32\DEVOBJ.dll
0x74380000 - 0x743a1000 	C:\Windows\system32\ntmarta.dll
0x75cb0000 - 0x75cf5000 	C:\Windows\system32\WLDAP32.dll
0x752a0000 - 0x752cd000 	C:\Windows\system32\WINTRUST.dll
0x75300000 - 0x7541c000 	C:\Windows\system32\CRYPT32.dll
0x75220000 - 0x7522c000 	C:\Windows\system32\MSASN1.dll
0x72b50000 - 0x72b5b000 	C:\Windows\system32\msdmo.dll
0x6fa20000 - 0x6fa52000 	C:\Windows\system32\qcap.dll
0x646a0000 - 0x64817000 	C:\Windows\system32\quartz.dll
0x6f5f0000 - 0x6f623000 	C:\Windows\system32\ksproxy.ax
0x73e60000 - 0x73e64000 	C:\Windows\system32\ksuser.dll
0x644d0000 - 0x64693000 	C:\Windows\system32\d3d9.dll
0x72b40000 - 0x72b46000 	C:\Windows\system32\d3d8thk.dll
0x72ab0000 - 0x72ab9000 	C:\Windows\system32\vidcap.ax
0x72610000 - 0x7262d000 	C:\Windows\system32\kswdmcap.ax
0x67630000 - 0x6774c000 	C:\Windows\system32\MFC42.dll
0x6cf80000 - 0x6d00a000 	C:\Windows\system32\ODBC32.dll
0x6cf40000 - 0x6cf78000 	C:\Windows\system32\odbcint.dll
0x6c620000 - 0x6c6a0000 	C:\Windows\System32\qedit.dll
0x75a30000 - 0x75aab000 	C:\Windows\system32\COMDLG32.dll
0x737c0000 - 0x73950000 	C:\Windows\WinSxS\x86_microsoft.windows.gdiplus_6595b64144ccf1df_1.1.7600.16385_none_72fc7cbf861225ca\gdiplus.dll
0x682c0000 - 0x683a7000 	C:\Windows\system32\DDRAW.dll
0x72aa0000 - 0x72aa6000 	C:\Windows\system32\DCIMAN32.dll
0x6cbe0000 - 0x6ccac000 	C:\Windows\system32\D3DIM700.DLL
0x072a0000 - 0x076c1000 	C:\Program Files\FreeTime\FormatFactory\FFModules\Filters\ffdshow\ffdshow.ax
0x71c30000 - 0x71c55000 	C:\Windows\system32\DINPUT.dll
0x74bb0000 - 0x74bca000 	C:\Windows\system32\SspiCli.dll
0x10000000 - 0x100fb000 	C:\Program Files\FreeTime\FormatFactory\FFModules\AviSynthPlugins\VSFilter.dll
0x716d0000 - 0x71721000 	C:\Windows\system32\WINSPOOL.DRV
0x75f50000 - 0x76044000 	C:\Windows\system32\WININET.dll
0x76cb0000 - 0x76cb3000 	C:\Windows\system32\Normaliz.dll
0x75ad0000 - 0x75c05000 	C:\Windows\system32\urlmon.dll
0x757e0000 - 0x759d9000 	C:\Windows\system32\iertutil.dll
0x722a0000 - 0x722a9000 	C:\Windows\system32\msyuv.dll
0x684f0000 - 0x68565000 	C:\Users\rahul\AppData\Local\Temp\javacpp8946777891858\jniopencv_core.dll
0x68ee0000 - 0x68f19000 	C:\Users\rahul\AppData\Local\Temp\javacpp8946777891858\jniopencv_imgproc.dll
0x6c530000 - 0x6c61b000 	C:\Windows\system32\dbghelp.dll

VM Arguments:
jvm_args: -Dfile.encoding=UTF-8 
java_command: CVMotionDetector
Launcher Type: SUN_STANDARD

Environment Variables:
PATH=C:\Windows\system32;C:\Windows;C:\Windows\System32\Wbem;C:\Windows\System32\WindowsPowerShell\v1.0\;C:\Program Files\Intel\OpenCL SDK\2.0\bin\x86;C:\Program Files\Intel\WiFi\bin\;C:\Program Files\Common Files\Intel\WirelessCommon\;C:\opencv\build\x86\vc10\bin;I:\RailsInstaller\Git\cmd;I:\RailsInstaller\Ruby1.9.3\bin;C:\Ruby187\bin;C:\Windows\system32;C:\Windows;C:\Windows\System32\Wbem;C:\Windows\System32\WindowsPowerShell\v1.0\;C:\Program Files\Intel\OpenCL SDK\2.0\bin\x86;C:\Program Files\Intel\WiFi\bin\;C:\Program Files\Common Files\Intel\WirelessCommon\;C:\opencv\build\x86\vc10\bin;c:\program files\java\jdk1.7.0_21\bin;C:\Program Files\Intel\WiFi\bin\;C:\Program Files\Common Files\Intel\WirelessCommon\; DERBY_HOME\bin;C:\opencv\build\x86\vc10\bin
USERNAME=rahul
OS=Windows_NT
PROCESSOR_IDENTIFIER=x86 Family 6 Model 42 Stepping 7, GenuineIntel



---------------  S Y S T E M  ---------------

OS: Windows 7 Build 7600 

CPU:total 4 (2 cores per cpu, 2 threads per core) family 6 model 42 stepping 7, cmov, cx8, fxsr, mmx, sse, sse2, sse3, ssse3, sse4.1, sse4.2, popcnt, ht, tsc, tscinvbit

Memory: 4k page, physical 1988976k(800868k free), swap 3977952k(1945164k free)

vm_info: Java HotSpot(TM) Client VM (23.21-b01) for windows-x86 JRE (1.7.0_21-b11), built on Apr  4 2013 04:43:10 by "java_re" with unknown MS VC++:1600

time: Mon Dec 01 20:59:16 2014
elapsed time: 6 seconds

