#
# A fatal error has been detected by the Java Runtime Environment:
#
#  EXCEPTION_UNCAUGHT_CXX_EXCEPTION (0xe06d7363) at pc=0x75a19617, pid=1348, tid=5236
#
# JRE version: 7.0_21-b11
# Java VM: Java HotSpot(TM) Client VM (23.21-b01 mixed mode, sharing windows-x86 )
# Problematic frame:
# C  [KERNELBASE.dll+0x9617]  RaiseException+0x54
#
# Failed to write core dump. Minidumps are not enabled by default on client versions of Windows
#
# If you would like to submit a bug report, please visit:
#   http://bugreport.sun.com/bugreport/crash.jsp
# The crash happened outside the Java Virtual Machine in native code.
# See problematic frame for where to report the bug.
#

---------------  T H R E A D  ---------------

Current thread (0x043c0400):  JavaThread "AWT-EventQueue-0" [_thread_in_native, id=5236, stack(0x04730000,0x04780000)]

siginfo: ExceptionCode=0xe06d7363, ExceptionInformation=0x19930520 0x0476dea4 0x5420a2b4 

Registers:
EAX=0x0476de00, EBX=0x0000002f, ECX=0x00000003, EDX=0x00000000
ESP=0x0476de00, EBP=0x0476de50, ESI=0x0477df70, EDI=0x55231ec6
EIP=0x75a19617, EFLAGS=0x00000216

Top of Stack: (sp=0x0476de00)
0x0476de00:   e06d7363 00000001 00000000 75a19617
0x0476de10:   00000003 19930520 0476dea4 5420a2b4
0x0476de20:   00000000 044b0f50 0476df08 0476de14
0x0476de30:   0476df08 00000030 0476de58 540340de
0x0476de40:   044b0f50 044b0f08 00000030 0477df70
0x0476de50:   0476de88 55247819 e06d7363 00000001
0x0476de60:   00000003 0476de7c e06d7363 00000001
0x0476de70:   00000000 00000000 00000003 19930520 

Instructions: (pc=0x75a19617)
0x75a195f7:   89 45 c0 c1 e0 02 50 ff 75 14 8d 45 c4 50 e8 6f
0x75a19607:   d1 ff ff 83 c4 0c 8d 45 b0 50 ff 15 6c 11 a1 75
0x75a19617:   c9 c2 10 00 89 45 c0 eb ed 90 90 90 90 90 8b ff
0x75a19627:   55 8b ec 83 ec 1c 6a 00 6a 1c 8d 45 e4 50 6a 00 


Register to memory mapping:

EAX=0x0476de00 is pointing into the stack for thread: 0x043c0400
EBX=0x0000002f is an unknown value
ECX=0x00000003 is an unknown value
EDX=0x00000000 is an unknown value
ESP=0x0476de00 is pointing into the stack for thread: 0x043c0400
EBP=0x0476de50 is pointing into the stack for thread: 0x043c0400
ESI=0x0477df70 is pointing into the stack for thread: 0x043c0400
EDI=0x55231ec6 is an unknown value


Stack: [0x04730000,0x04780000],  sp=0x0476de00,  free space=247k
Native frames: (J=compiled Java code, j=interpreted, Vv=VM code, C=native code)
C  [KERNELBASE.dll+0x9617]  RaiseException+0x54
C  [msvcr100.dll+0x27819]  CxxThrowException+0x45

Java frames: (J=compiled Java code, j=interpreted, Vv=VM code)
j  com.googlecode.javacv.cpp.opencv_imgproc.cvContourArea(Lcom/googlecode/javacv/cpp/opencv_core$CvArr;Lcom/googlecode/javacv/cpp/opencv_core$CvSlice;I)D+0
j  javaapplication3.WebcamInitiation.findBiggestContour(Lcom/googlecode/javacv/cpp/opencv_core$IplImage;)Lcom/googlecode/javacv/cpp/opencv_core$CvSeq;+160
j  javaapplication3.WebcamInitiation.jButton3ActionPerformed(Ljava/awt/event/ActionEvent;)V+217
j  javaapplication3.WebcamInitiation.access$000(Ljavaapplication3/WebcamInitiation;Ljava/awt/event/ActionEvent;)V+2
j  javaapplication3.WebcamInitiation$1.actionPerformed(Ljava/awt/event/ActionEvent;)V+5
j  javax.swing.AbstractButton.fireActionPerformed(Ljava/awt/event/ActionEvent;)V+84
j  javax.swing.AbstractButton$Handler.actionPerformed(Ljava/awt/event/ActionEvent;)V+5
j  javax.swing.DefaultButtonModel.fireActionPerformed(Ljava/awt/event/ActionEvent;)V+35
j  javax.swing.DefaultButtonModel.setPressed(Z)V+117
j  javax.swing.plaf.basic.BasicButtonListener.mouseReleased(Ljava/awt/event/MouseEvent;)V+35
j  java.awt.Component.processMouseEvent(Ljava/awt/event/MouseEvent;)V+64
j  javax.swing.JComponent.processMouseEvent(Ljava/awt/event/MouseEvent;)V+23
j  java.awt.Component.processEvent(Ljava/awt/AWTEvent;)V+81
j  java.awt.Container.processEvent(Ljava/awt/AWTEvent;)V+18
j  java.awt.Component.dispatchEventImpl(Ljava/awt/AWTEvent;)V+581
j  java.awt.Container.dispatchEventImpl(Ljava/awt/AWTEvent;)V+42
j  java.awt.Component.dispatchEvent(Ljava/awt/AWTEvent;)V+2
j  java.awt.LightweightDispatcher.retargetMouseEvent(Ljava/awt/Component;ILjava/awt/event/MouseEvent;)V+327
j  java.awt.LightweightDispatcher.processMouseEvent(Ljava/awt/event/MouseEvent;)Z+139
j  java.awt.LightweightDispatcher.dispatchEvent(Ljava/awt/AWTEvent;)Z+50
j  java.awt.Container.dispatchEventImpl(Ljava/awt/AWTEvent;)V+12
j  java.awt.Window.dispatchEventImpl(Ljava/awt/AWTEvent;)V+19
j  java.awt.Component.dispatchEvent(Ljava/awt/AWTEvent;)V+2
j  java.awt.EventQueue.dispatchEventImpl(Ljava/awt/AWTEvent;Ljava/lang/Object;)V+41
j  java.awt.EventQueue.access$200(Ljava/awt/EventQueue;Ljava/awt/AWTEvent;Ljava/lang/Object;)V+3
j  java.awt.EventQueue$3.run()Ljava/lang/Void;+12
j  java.awt.EventQueue$3.run()Ljava/lang/Object;+1
v  ~StubRoutines::call_stub
j  java.security.AccessController.doPrivileged(Ljava/security/PrivilegedAction;Ljava/security/AccessControlContext;)Ljava/lang/Object;+0
j  java.security.ProtectionDomain$1.doIntersectionPrivilege(Ljava/security/PrivilegedAction;Ljava/security/AccessControlContext;Ljava/security/AccessControlContext;)Ljava/lang/Object;+28
j  java.security.ProtectionDomain$1.doIntersectionPrivilege(Ljava/security/PrivilegedAction;Ljava/security/AccessControlContext;)Ljava/lang/Object;+6
j  java.awt.EventQueue$4.run()Ljava/lang/Void;+11
j  java.awt.EventQueue$4.run()Ljava/lang/Object;+1
v  ~StubRoutines::call_stub
j  java.security.AccessController.doPrivileged(Ljava/security/PrivilegedAction;Ljava/security/AccessControlContext;)Ljava/lang/Object;+0
j  java.security.ProtectionDomain$1.doIntersectionPrivilege(Ljava/security/PrivilegedAction;Ljava/security/AccessControlContext;Ljava/security/AccessControlContext;)Ljava/lang/Object;+28
j  java.awt.EventQueue.dispatchEvent(Ljava/awt/AWTEvent;)V+73
j  java.awt.EventDispatchThread.pumpOneEventForFilters(I)V+245
j  java.awt.EventDispatchThread.pumpEventsForFilter(ILjava/awt/Conditional;Ljava/awt/EventFilter;)V+35
j  java.awt.EventDispatchThread.pumpEventsForHierarchy(ILjava/awt/Conditional;Ljava/awt/Component;)V+11
j  java.awt.EventDispatchThread.pumpEvents(ILjava/awt/Conditional;)V+4
j  java.awt.EventDispatchThread.pumpEvents(Ljava/awt/Conditional;)V+3
j  java.awt.EventDispatchThread.run()V+9
v  ~StubRoutines::call_stub

---------------  P R O C E S S  ---------------

Java Threads: ( => current thread )
  0x01eab000 JavaThread "DestroyJavaVM" [_thread_blocked, id=2152, stack(0x01590000,0x015e0000)]
=>0x043c0400 JavaThread "AWT-EventQueue-0" [_thread_in_native, id=5236, stack(0x04730000,0x04780000)]
  0x04385000 JavaThread "AWT-Windows" daemon [_thread_in_native, id=5308, stack(0x04790000,0x047e0000)]
  0x04383800 JavaThread "AWT-Shutdown" [_thread_blocked, id=5684, stack(0x04680000,0x046d0000)]
  0x04380c00 JavaThread "Java2D Disposer" daemon [_thread_blocked, id=2892, stack(0x01df0000,0x01e40000)]
  0x01dcb800 JavaThread "Service Thread" daemon [_thread_blocked, id=5708, stack(0x04220000,0x04270000)]
  0x01dc7000 JavaThread "C1 CompilerThread0" daemon [_thread_blocked, id=1560, stack(0x042b0000,0x04300000)]
  0x01dc6800 JavaThread "Attach Listener" daemon [_thread_blocked, id=2628, stack(0x041a0000,0x041f0000)]
  0x01dc4000 JavaThread "Signal Dispatcher" daemon [_thread_blocked, id=5656, stack(0x04120000,0x04170000)]
  0x01da4000 JavaThread "Finalizer" daemon [_thread_blocked, id=4248, stack(0x01fb0000,0x02000000)]
  0x01da2000 JavaThread "Reference Handler" daemon [_thread_blocked, id=4880, stack(0x02020000,0x02070000)]

Other Threads:
  0x01da0c00 VMThread [stack: 0x01f10000,0x01f60000] [id=5008]
  0x01dd4400 WatcherThread [stack: 0x01e50000,0x01ea0000] [id=3112]

VM state:not at safepoint (normal execution)

VM Mutex/Monitor currently owned by a thread: None

Heap
 def new generation   total 4928K, used 4232K [0x236d0000, 0x23c20000, 0x28c20000)
  eden space 4416K,  84% used [0x236d0000, 0x23a72208, 0x23b20000)
  from space 512K, 100% used [0x23ba0000, 0x23c20000, 0x23c20000)
  to   space 512K,   0% used [0x23b20000, 0x23b20000, 0x23ba0000)
 tenured generation   total 10944K, used 1255K [0x28c20000, 0x296d0000, 0x336d0000)
   the space 10944K,  11% used [0x28c20000, 0x28d59e28, 0x28d5a000, 0x296d0000)
 compacting perm gen  total 12288K, used 2227K [0x336d0000, 0x342d0000, 0x376d0000)
   the space 12288K,  18% used [0x336d0000, 0x338fcf00, 0x338fd000, 0x342d0000)
    ro space 10240K,  45% used [0x376d0000, 0x37b57988, 0x37b57a00, 0x380d0000)
    rw space 12288K,  54% used [0x380d0000, 0x3875b5d8, 0x3875b600, 0x38cd0000)

Card table byte_map: [0x012f0000,0x013a0000] byte_map_base: 0x011d4980

Polling page: 0x002c0000

Code Cache  [0x020d0000, 0x021b0000, 0x040d0000)
 total_blobs=451 nmethods=197 adapters=189 free_code_cache=31879Kb largest_free_block=32644992

Compilation events (10 events):
Event: 6.100 Thread 0x01dc7000  193             java.io.Win32FileSystem::prefixLength (91 bytes)
Event: 6.101 Thread 0x01dc7000 nmethod 193 0x021ab288 code [0x021ab3d0, 0x021ab764]
Event: 6.113 Thread 0x01dc7000  194             java.util.LinkedList::indexOf (73 bytes)
Event: 6.113 Thread 0x01dc7000 nmethod 194 0x021abc08 code [0x021abd20, 0x021abe6c]
Event: 6.778 Thread 0x01dc7000  195             java.lang.String::indexOf (25 bytes)
Event: 6.779 Thread 0x01dc7000 nmethod 195 0x021ad908 code [0x021ada10, 0x021adadc]
Event: 6.783 Thread 0x01dc7000  196             java.lang.Integer::valueOf (54 bytes)
Event: 6.783 Thread 0x01dc7000 nmethod 196 0x021adbc8 code [0x021adcc0, 0x021addb0]
Event: 6.808 Thread 0x01dc7000  197             java.util.LinkedList$Node::<init> (20 bytes)
Event: 6.809 Thread 0x01dc7000 nmethod 197 0x021ade88 code [0x021adf80, 0x021ae030]

GC Heap History (2 events):
Event: 2.113 GC heap before
{Heap before GC invocations=0 (full 0):
 def new generation   total 4928K, used 4413K [0x236d0000, 0x23c20000, 0x28c20000)
  eden space 4416K,  99% used [0x236d0000, 0x23b1f7e0, 0x23b20000)
  from space 512K,   0% used [0x23b20000, 0x23b20000, 0x23ba0000)
  to   space 512K,   0% used [0x23ba0000, 0x23ba0000, 0x23c20000)
 tenured generation   total 10944K, used 0K [0x28c20000, 0x296d0000, 0x336d0000)
   the space 10944K,   0% used [0x28c20000, 0x28c20000, 0x28c20200, 0x296d0000)
 compacting perm gen  total 12288K, used 1730K [0x336d0000, 0x342d0000, 0x376d0000)
   the space 12288K,  14% used [0x336d0000, 0x33880858, 0x33880a00, 0x342d0000)
    ro space 10240K,  45% used [0x376d0000, 0x37b57988, 0x37b57a00, 0x380d0000)
    rw space 12288K,  54% used [0x380d0000, 0x3875b5d8, 0x3875b600, 0x38cd0000)
Event: 2.134 GC heap after
Heap after GC invocations=1 (full 0):
 def new generation   total 4928K, used 512K [0x236d0000, 0x23c20000, 0x28c20000)
  eden space 4416K,   0% used [0x236d0000, 0x236d0000, 0x23b20000)
  from space 512K, 100% used [0x23ba0000, 0x23c20000, 0x23c20000)
  to   space 512K,   0% used [0x23b20000, 0x23b20000, 0x23ba0000)
 tenured generation   total 10944K, used 1255K [0x28c20000, 0x296d0000, 0x336d0000)
   the space 10944K,  11% used [0x28c20000, 0x28d59e28, 0x28d5a000, 0x296d0000)
 compacting perm gen  total 12288K, used 1730K [0x336d0000, 0x342d0000, 0x376d0000)
   the space 12288K,  14% used [0x336d0000, 0x33880858, 0x33880a00, 0x342d0000)
    ro space 10240K,  45% used [0x376d0000, 0x37b57988, 0x37b57a00, 0x380d0000)
    rw space 12288K,  54% used [0x380d0000, 0x3875b5d8, 0x3875b600, 0x38cd0000)
}

Deoptimization events (0 events):
No events

Internal exceptions (10 events):
Event: 6.780 Thread 0x043c0400 Threw 0x23a375f8 at C:\jdk7u2_32P\jdk7u21\hotspot\src\share\vm\prims\jvm.cpp:1166
Event: 6.782 Thread 0x043c0400 Threw 0x23a3bdc0 at C:\jdk7u2_32P\jdk7u21\hotspot\src\share\vm\prims\jvm.cpp:1166
Event: 6.783 Thread 0x043c0400 Threw 0x23a3fea8 at C:\jdk7u2_32P\jdk7u21\hotspot\src\share\vm\prims\jvm.cpp:1166
Event: 6.784 Thread 0x043c0400 Threw 0x23a442c8 at C:\jdk7u2_32P\jdk7u21\hotspot\src\share\vm\prims\jvm.cpp:1166
Event: 6.786 Thread 0x043c0400 Threw 0x23a496f8 at C:\jdk7u2_32P\jdk7u21\hotspot\src\share\vm\prims\jvm.cpp:1166
Event: 6.790 Thread 0x043c0400 Threw 0x23a4db98 at C:\jdk7u2_32P\jdk7u21\hotspot\src\share\vm\prims\jvm.cpp:1166
Event: 6.791 Thread 0x043c0400 Threw 0x23a50af0 at C:\jdk7u2_32P\jdk7u21\hotspot\src\share\vm\prims\jvm.cpp:1166
Event: 6.792 Thread 0x043c0400 Threw 0x23a54770 at C:\jdk7u2_32P\jdk7u21\hotspot\src\share\vm\prims\jvm.cpp:1166
Event: 6.794 Thread 0x043c0400 Threw 0x23a57c98 at C:\jdk7u2_32P\jdk7u21\hotspot\src\share\vm\prims\jvm.cpp:1166
Event: 6.795 Thread 0x043c0400 Threw 0x23a5aa10 at C:\jdk7u2_32P\jdk7u21\hotspot\src\share\vm\prims\jvm.cpp:1166

Events (10 events):
Event: 6.791 loading class 0x044b0ba8
Event: 6.791 loading class 0x044b0ba8 done
Event: 6.792 loading class 0x044a84f8
Event: 6.792 loading class 0x044a84f8 done
Event: 6.794 loading class 0x044a8318
Event: 6.794 loading class 0x044a8318 done
Event: 6.795 loading class 0x044a84a8
Event: 6.795 loading class 0x044a84a8 done
Event: 6.799 loading class 0x38d05320
Event: 6.800 loading class 0x38d05320 done


Dynamic libraries:
0x011c0000 - 0x011ef000 	C:\Program Files\Java\jdk1.7.0_21\bin\java.exe
0x77610000 - 0x7774c000 	C:\Windows\SYSTEM32\ntdll.dll
0x77530000 - 0x77604000 	C:\Windows\system32\kernel32.dll
0x75a10000 - 0x75a5a000 	C:\Windows\system32\KERNELBASE.dll
0x766a0000 - 0x76740000 	C:\Windows\system32\ADVAPI32.dll
0x75da0000 - 0x75e4c000 	C:\Windows\system32\msvcrt.dll
0x75ab0000 - 0x75ac9000 	C:\Windows\SYSTEM32\sechost.dll
0x75e50000 - 0x75ef1000 	C:\Windows\system32\RPCRT4.dll
0x76210000 - 0x762d9000 	C:\Windows\system32\USER32.dll
0x75d50000 - 0x75d9e000 	C:\Windows\system32\GDI32.dll
0x75d40000 - 0x75d4a000 	C:\Windows\system32\LPK.dll
0x77760000 - 0x777fd000 	C:\Windows\system32\USP10.dll
0x745c0000 - 0x7475e000 	C:\Windows\WinSxS\x86_microsoft.windows.common-controls_6595b64144ccf1df_6.0.7600.16385_none_421189da2b7fabfc\COMCTL32.dll
0x76440000 - 0x76497000 	C:\Windows\system32\SHLWAPI.dll
0x75ad0000 - 0x75aef000 	C:\Windows\system32\IMM32.DLL
0x76100000 - 0x761cc000 	C:\Windows\system32\MSCTF.dll
0x756b0000 - 0x75751000 	C:\Windows\system32\Scdetour.dll
0x0f000000 - 0x0f006000 	C:\Windows\system32\detoured.dll
0x761d0000 - 0x761d5000 	C:\Windows\system32\PSAPI.DLL
0x752b0000 - 0x75645000 	c:\progra~2\bitguard\271832~1.68\{c16c1~1\bitguard.dll
0x76740000 - 0x77389000 	C:\Windows\system32\SHELL32.dll
0x762e0000 - 0x7643c000 	C:\Windows\system32\ole32.dll
0x764a0000 - 0x7652f000 	C:\Windows\system32\OLEAUT32.dll
0x752a0000 - 0x752a9000 	C:\Windows\system32\VERSION.dll
0x761e0000 - 0x7620a000 	C:\Windows\system32\imagehlp.dll
0x75240000 - 0x75298000 	C:\Windows\system32\WINHTTP.dll
0x751f0000 - 0x7523f000 	C:\Windows\system32\webio.dll
0x55220000 - 0x552de000 	C:\Program Files\Java\jdk1.7.0_21\jre\bin\msvcr100.dll
0x53c80000 - 0x53fcf000 	C:\Program Files\Java\jdk1.7.0_21\jre\bin\client\jvm.dll
0x713c0000 - 0x713c7000 	C:\Windows\system32\WSOCK32.dll
0x77800000 - 0x77835000 	C:\Windows\system32\WS2_32.dll
0x75c30000 - 0x75c36000 	C:\Windows\system32\NSI.dll
0x735b0000 - 0x735e2000 	C:\Windows\system32\WINMM.dll
0x6cc40000 - 0x6cc4c000 	C:\Program Files\Java\jdk1.7.0_21\jre\bin\verify.dll
0x64120000 - 0x64140000 	C:\Program Files\Java\jdk1.7.0_21\jre\bin\java.dll
0x640f0000 - 0x64103000 	C:\Program Files\Java\jdk1.7.0_21\jre\bin\zip.dll
0x54f70000 - 0x550b2000 	C:\Program Files\Java\jdk1.7.0_21\jre\bin\awt.dll
0x73f70000 - 0x73fb0000 	C:\Windows\system32\uxtheme.dll
0x73b30000 - 0x73b43000 	C:\Windows\system32\dwmapi.dll
0x751a0000 - 0x751ac000 	C:\Windows\system32\CRYPTBASE.dll
0x61030000 - 0x61061000 	C:\Program Files\Java\jdk1.7.0_21\jre\bin\fontmanager.dll
0x10000000 - 0x10038000 	C:\Program Files\WIDCOMM\Bluetooth Software\btmmhook.dll
0x630a0000 - 0x630b4000 	C:\Program Files\Java\jdk1.7.0_21\jre\bin\net.dll
0x74c90000 - 0x74ccc000 	C:\Windows\system32\mswsock.dll
0x74c80000 - 0x74c86000 	C:\Windows\System32\wship6.dll
0x6cb80000 - 0x6cb8e000 	C:\Program Files\Java\jdk1.7.0_21\jre\bin\nio.dll
0x611b0000 - 0x611e0000 	C:\Program Files\Java\jdk1.7.0_21\jre\bin\t2k.dll
0x76530000 - 0x765b3000 	C:\Windows\system32\CLBCatQ.DLL
0x70670000 - 0x70694000 	C:\Program Files\Java\jdk1.7.0_21\jre\bin\dcpr.dll
0x65470000 - 0x6552e000 	C:\Users\rahul\AppData\Local\Temp\javacpp10344157126454\msvcr100.dll
0x652d0000 - 0x65339000 	C:\Users\rahul\AppData\Local\Temp\javacpp10344157126454\msvcp100.dll
0x54030000 - 0x54236000 	C:\Users\rahul\AppData\Local\Temp\javacpp10344157126454\opencv_core248.dll
0x65250000 - 0x652c5000 	C:\Users\rahul\AppData\Local\Temp\javacpp10344157126454\jniopencv_core.dll
0x054a0000 - 0x063d6000 	C:\Users\rahul\AppData\Local\Temp\javacpp10344157126454\opencv_ffmpeg248.dll
0x50a60000 - 0x50ccb000 	C:\Users\rahul\AppData\Local\Temp\javacpp10344157126454\opencv_imgproc248.dll
0x50850000 - 0x50a57000 	C:\Users\rahul\AppData\Local\Temp\javacpp10344157126454\opencv_highgui248.dll
0x71df0000 - 0x71e09000 	C:\Windows\system32\AVIFIL32.dll
0x65910000 - 0x65924000 	C:\Windows\system32\MSACM32.dll
0x65b60000 - 0x65b81000 	C:\Windows\system32\MSVFW32.dll
0x71dd0000 - 0x71de3000 	C:\Windows\system32\AVICAP32.dll
0x740e0000 - 0x740ef000 	C:\Users\rahul\AppData\Local\Temp\javacpp10344157126454\jniopencv_highgui.dll
0x6bc80000 - 0x6bc94000 	C:\Windows\system32\devenum.dll
0x77390000 - 0x7752d000 	C:\Windows\system32\setupapi.dll
0x757e0000 - 0x75807000 	C:\Windows\system32\CFGMGR32.dll
0x75810000 - 0x75822000 	C:\Windows\system32\DEVOBJ.dll
0x74900000 - 0x74921000 	C:\Windows\system32\ntmarta.dll
0x75a60000 - 0x75aa5000 	C:\Windows\system32\WLDAP32.dll
0x758c0000 - 0x758ed000 	C:\Windows\system32\WINTRUST.dll
0x758f0000 - 0x75a0c000 	C:\Windows\system32\CRYPT32.dll
0x757d0000 - 0x757dc000 	C:\Windows\system32\MSASN1.dll
0x740d0000 - 0x740db000 	C:\Windows\system32\msdmo.dll
0x651e0000 - 0x65212000 	C:\Windows\system32\qcap.dll
0x506d0000 - 0x50847000 	C:\Windows\system32\quartz.dll
0x55150000 - 0x55183000 	C:\Windows\system32\ksproxy.ax
0x67580000 - 0x67584000 	C:\Windows\system32\ksuser.dll
0x51bf0000 - 0x51db3000 	C:\Windows\system32\d3d9.dll
0x6cca0000 - 0x6cca6000 	C:\Windows\system32\d3d8thk.dll
0x653c0000 - 0x653c9000 	C:\Windows\system32\vidcap.ax
0x62b40000 - 0x62b5d000 	C:\Windows\system32\kswdmcap.ax
0x51ad0000 - 0x51bec000 	C:\Windows\system32\MFC42.dll
0x6e200000 - 0x6e28a000 	C:\Windows\system32\ODBC32.dll
0x6cd30000 - 0x6cd68000 	C:\Windows\system32\odbcint.dll
0x65160000 - 0x651e0000 	C:\Windows\System32\qedit.dll
0x765c0000 - 0x7663b000 	C:\Windows\system32\COMDLG32.dll
0x73de0000 - 0x73f70000 	C:\Windows\WinSxS\x86_microsoft.windows.gdiplus_6595b64144ccf1df_1.1.7600.16385_none_72fc7cbf861225ca\gdiplus.dll
0x505e0000 - 0x506c7000 	C:\Windows\system32\DDRAW.dll
0x6cc60000 - 0x6cc66000 	C:\Windows\system32\DCIMAN32.dll
0x5fab0000 - 0x5fb7c000 	C:\Windows\system32\D3DIM700.DLL
0x049c0000 - 0x04de1000 	C:\Program Files\FreeTime\FormatFactory\FFModules\Filters\ffdshow\ffdshow.ax
0x65130000 - 0x65155000 	C:\Windows\system32\DINPUT.dll
0x75130000 - 0x7514a000 	C:\Windows\system32\SspiCli.dll
0x07700000 - 0x077fb000 	C:\Program Files\FreeTime\FormatFactory\FFModules\AviSynthPlugins\VSFilter.dll
0x73970000 - 0x739c1000 	C:\Windows\system32\WINSPOOL.DRV
0x75c40000 - 0x75d34000 	C:\Windows\system32\WININET.dll
0x77750000 - 0x77753000 	C:\Windows\system32\Normaliz.dll
0x75af0000 - 0x75c25000 	C:\Windows\system32\urlmon.dll
0x75f00000 - 0x760f9000 	C:\Windows\system32\iertutil.dll
0x65460000 - 0x65469000 	C:\Windows\system32\msyuv.dll
0x62970000 - 0x629a9000 	C:\Users\rahul\AppData\Local\Temp\javacpp10344157126454\jniopencv_imgproc.dll
0x70860000 - 0x7094b000 	C:\Windows\system32\dbghelp.dll

VM Arguments:
jvm_args: -Dfile.encoding=UTF-8 
java_command: javaapplication3.WebcamInitiation
Launcher Type: SUN_STANDARD

Environment Variables:
PATH=C:\Program Files\Broadcom\Broadcom 802.11\Driver;C:\Windows\system32;C:\Windows;C:\Windows\System32\Wbem;C:\Windows\System32\WindowsPowerShell\v1.0\;C:\Program Files\Intel\OpenCL SDK\2.0\bin\x86;C:\Program Files\Intel\WiFi\bin\;C:\Program Files\Common Files\Intel\WirelessCommon\;C:\opencv\build\x86\vc10\bin;C:\Program Files\WIDCOMM\Bluetooth Software\;I:\RailsInstaller\Git\cmd;I:\RailsInstaller\Ruby1.9.3\bin;C:\Ruby187\bin;C:\Program Files\Broadcom\Broadcom 802.11\Driver;C:\Windows\system32;C:\Windows;C:\Windows\System32\Wbem;C:\Windows\System32\WindowsPowerShell\v1.0\;C:\Program Files\Intel\OpenCL SDK\2.0\bin\x86;C:\Program Files\Intel\WiFi\bin\;C:\Program Files\Common Files\Intel\WirelessCommon\;C:\opencv\build\x86\vc10\bin;C:\Program Files\WIDCOMM\Bluetooth Software\;c:\program files\java\jdk1.7.0_21\bin;C:\Program Files\Intel\WiFi\bin\;C:\Program Files\Common Files\Intel\WirelessCommon\; DERBY_HOME\bin;C:\opencv\build\x86\vc10\bin;C:\TC\BIN;C:\TC\LIB;C:\TC\INCLUDE;
USERNAME=rahul
OS=Windows_NT
PROCESSOR_IDENTIFIER=x86 Family 6 Model 42 Stepping 7, GenuineIntel



---------------  S Y S T E M  ---------------

OS: Windows 7 Build 7600 

CPU:total 4 (2 cores per cpu, 2 threads per core) family 6 model 42 stepping 7, cmov, cx8, fxsr, mmx, sse, sse2, sse3, ssse3, sse4.1, sse4.2, popcnt, ht, tsc, tscinvbit

Memory: 4k page, physical 1988976k(194772k free), swap 3991264k(992868k free)

vm_info: Java HotSpot(TM) Client VM (23.21-b01) for windows-x86 JRE (1.7.0_21-b11), built on Apr  4 2013 04:43:10 by "java_re" with unknown MS VC++:1600

time: Tue Jan 13 22:03:49 2015
elapsed time: 7 seconds

