#
# A fatal error has been detected by the Java Runtime Environment:
#
#  EXCEPTION_UNCAUGHT_CXX_EXCEPTION (0xe06d7363) at pc=0x75929617, pid=5992, tid=7160
#
# JRE version: 7.0_21-b11
# Java VM: Java HotSpot(TM) Client VM (23.21-b01 mixed mode, sharing windows-x86 )
# Problematic frame:
# C  [KERNELBASE.dll+0x9617]  RaiseException+0x54
#
# Failed to write core dump. Minidumps are not enabled by default on client versions of Windows
#
# If you would like to submit a bug report, please visit:
#   http://bugreport.sun.com/bugreport/crash.jsp
# The crash happened outside the Java Virtual Machine in native code.
# See problematic frame for where to report the bug.
#

---------------  T H R E A D  ---------------

Current thread (0x0446f800):  JavaThread "Thread-2" [_thread_in_native, id=7160, stack(0x047e0000,0x04830000)]

siginfo: ExceptionCode=0xe06d7363, ExceptionInformation=0x19930520 0x0481f128 0x5d9fa2b4 

Registers:
EAX=0x0481f084, EBX=0x000005cc, ECX=0x00000003, EDX=0x00000000
ESP=0x0481f084, EBP=0x0481f0d4, ESI=0x0482f1f4, EDI=0x62491ec6
EIP=0x75929617, EFLAGS=0x00000216

Top of Stack: (sp=0x0481f084)
0x0481f084:   e06d7363 00000001 00000000 75929617
0x0481f094:   00000003 19930520 0481f128 5d9fa2b4
0x0481f0a4:   00000000 083c1d38 0481f18c 0481f098
0x0481f0b4:   0481f18c 00000030 0481f0dc 5d8240de
0x0481f0c4:   083c1d38 083c1ca8 00000030 0482f1f4
0x0481f0d4:   0481f10c 624a7819 e06d7363 00000001
0x0481f0e4:   00000003 0481f100 e06d7363 00000001
0x0481f0f4:   00000000 00000000 00000003 19930520 

Instructions: (pc=0x75929617)
0x759295f7:   89 45 c0 c1 e0 02 50 ff 75 14 8d 45 c4 50 e8 6f
0x75929607:   d1 ff ff 83 c4 0c 8d 45 b0 50 ff 15 6c 11 92 75
0x75929617:   c9 c2 10 00 89 45 c0 eb ed 90 90 90 90 90 8b ff
0x75929627:   55 8b ec 83 ec 1c 6a 00 6a 1c 8d 45 e4 50 6a 00 


Register to memory mapping:

EAX=0x0481f084 is pointing into the stack for thread: 0x0446f800
EBX=0x000005cc is an unknown value
ECX=0x00000003 is an unknown value
EDX=0x00000000 is an unknown value
ESP=0x0481f084 is pointing into the stack for thread: 0x0446f800
EBP=0x0481f0d4 is pointing into the stack for thread: 0x0446f800
ESI=0x0482f1f4 is pointing into the stack for thread: 0x0446f800
EDI=0x62491ec6 is an unknown value


Stack: [0x047e0000,0x04830000],  sp=0x0481f084,  free space=252k
Native frames: (J=compiled Java code, j=interpreted, Vv=VM code, C=native code)
C  [KERNELBASE.dll+0x9617]  RaiseException+0x54
C  [msvcr100.dll+0x27819]  CxxThrowException+0x45

Java frames: (J=compiled Java code, j=interpreted, Vv=VM code)
j  com.googlecode.javacv.cpp.opencv_imgproc.cvErode(Lcom/googlecode/javacv/cpp/opencv_core$CvArr;Lcom/googlecode/javacv/cpp/opencv_core$CvArr;Lcom/googlecode/javacv/cpp/opencv_imgproc$IplConvKernel;I)V+0
j  HandDetector.findBiggestContour(Lcom/googlecode/javacv/cpp/opencv_core$IplImage;)Lcom/googlecode/javacv/cpp/opencv_core$CvSeq;+117
j  HandDetector.update(Lcom/googlecode/javacv/cpp/opencv_core$IplImage;)V+90
j  HandPanel.run()V+78
j  java.lang.Thread.run()V+11
v  ~StubRoutines::call_stub

---------------  P R O C E S S  ---------------

Java Threads: ( => current thread )
  0x01b3b000 JavaThread "DestroyJavaVM" [_thread_blocked, id=232, stack(0x01c90000,0x01ce0000)]
  0x0449a000 JavaThread "AWT-EventQueue-0" [_thread_blocked, id=4340, stack(0x04df0000,0x04e40000)]
  0x04495800 JavaThread "AWT-Shutdown" [_thread_blocked, id=4856, stack(0x04d90000,0x04de0000)]
=>0x0446f800 JavaThread "Thread-2" [_thread_in_native, id=7160, stack(0x047e0000,0x04830000)]
  0x043b6400 JavaThread "AWT-Windows" daemon [_thread_in_native, id=6960, stack(0x04890000,0x048e0000)]
  0x043b3000 JavaThread "Java2D Disposer" daemon [_thread_blocked, id=7436, stack(0x04770000,0x047c0000)]
  0x01e1a400 JavaThread "Service Thread" daemon [_thread_blocked, id=7748, stack(0x03ef0000,0x03f40000)]
  0x01e0c800 JavaThread "C1 CompilerThread0" daemon [_thread_blocked, id=7752, stack(0x03f70000,0x03fc0000)]
  0x01e0b400 JavaThread "Attach Listener" daemon [_thread_blocked, id=1616, stack(0x04210000,0x04260000)]
  0x01e08400 JavaThread "Signal Dispatcher" daemon [_thread_blocked, id=5304, stack(0x04170000,0x041c0000)]
  0x01df7400 JavaThread "Finalizer" daemon [_thread_blocked, id=7560, stack(0x040e0000,0x04130000)]
  0x01df2000 JavaThread "Reference Handler" daemon [_thread_blocked, id=6380, stack(0x03fe0000,0x04030000)]

Other Threads:
  0x01df0c00 VMThread [stack: 0x04050000,0x040a0000] [id=6408]
  0x01e2d800 WatcherThread [stack: 0x04300000,0x04350000] [id=6320]

VM state:not at safepoint (normal execution)

VM Mutex/Monitor currently owned by a thread: None

Heap
 def new generation   total 4928K, used 2022K [0x236d0000, 0x23c20000, 0x28c20000)
  eden space 4416K,  34% used [0x236d0000, 0x23849820, 0x23b20000)
  from space 512K, 100% used [0x23b20000, 0x23ba0000, 0x23ba0000)
  to   space 512K,   0% used [0x23ba0000, 0x23ba0000, 0x23c20000)
 tenured generation   total 10944K, used 2254K [0x28c20000, 0x296d0000, 0x336d0000)
   the space 10944K,  20% used [0x28c20000, 0x28e538f0, 0x28e53a00, 0x296d0000)
 compacting perm gen  total 12288K, used 1940K [0x336d0000, 0x342d0000, 0x376d0000)
   the space 12288K,  15% used [0x336d0000, 0x338b5360, 0x338b5400, 0x342d0000)
    ro space 10240K,  45% used [0x376d0000, 0x37b57988, 0x37b57a00, 0x380d0000)
    rw space 12288K,  54% used [0x380d0000, 0x3875b5d8, 0x3875b600, 0x38cd0000)

Card table byte_map: [0x01a40000,0x01af0000] byte_map_base: 0x01924980

Polling page: 0x010c0000

Code Cache  [0x01e40000, 0x01f20000, 0x03e40000)
 total_blobs=423 nmethods=186 adapters=172 free_code_cache=31890Kb largest_free_block=32655616

Compilation events (10 events):
Event: 3.442 Thread 0x01e0c800  182             java.nio.DirectLongBufferU::ix (10 bytes)
Event: 3.442 Thread 0x01e0c800 nmethod 182 0x01f1a248 code [0x01f1a340, 0x01f1a3d0]
Event: 3.442 Thread 0x01e0c800  183             java.lang.String::indexOf (7 bytes)
Event: 3.443 Thread 0x01e0c800 nmethod 183 0x01f1a408 code [0x01f1a510, 0x01f1a5dc]
Event: 3.446 Thread 0x01e0c800  184             java.net.URL::getFile (5 bytes)
Event: 3.446 Thread 0x01e0c800 nmethod 184 0x01f1a708 code [0x01f1a800, 0x01f1a880]
Event: 3.458 Thread 0x01e0c800  185             java.lang.String::regionMatches (149 bytes)
Event: 3.459 Thread 0x01e0c800 nmethod 185 0x01f1a8c8 code [0x01f1aa50, 0x01f1ad50]
Event: 3.479 Thread 0x01e0c800  186   !         java.lang.ref.ReferenceQueue::poll (28 bytes)
Event: 3.480 Thread 0x01e0c800 nmethod 186 0x01f1b308 code [0x01f1b410, 0x01f1b63c]

GC Heap History (4 events):
Event: 2.057 GC heap before
{Heap before GC invocations=0 (full 0):
 def new generation   total 4928K, used 4416K [0x236d0000, 0x23c20000, 0x28c20000)
  eden space 4416K, 100% used [0x236d0000, 0x23b20000, 0x23b20000)
  from space 512K,   0% used [0x23b20000, 0x23b20000, 0x23ba0000)
  to   space 512K,   0% used [0x23ba0000, 0x23ba0000, 0x23c20000)
 tenured generation   total 10944K, used 0K [0x28c20000, 0x296d0000, 0x336d0000)
   the space 10944K,   0% used [0x28c20000, 0x28c20000, 0x28c20200, 0x296d0000)
 compacting perm gen  total 12288K, used 1141K [0x336d0000, 0x342d0000, 0x376d0000)
   the space 12288K,   9% used [0x336d0000, 0x337ed498, 0x337ed600, 0x342d0000)
    ro space 10240K,  45% used [0x376d0000, 0x37b57988, 0x37b57a00, 0x380d0000)
    rw space 12288K,  54% used [0x380d0000, 0x3875b5d8, 0x3875b600, 0x38cd0000)
Event: 2.070 GC heap after
Heap after GC invocations=1 (full 0):
 def new generation   total 4928K, used 512K [0x236d0000, 0x23c20000, 0x28c20000)
  eden space 4416K,   0% used [0x236d0000, 0x236d0000, 0x23b20000)
  from space 512K, 100% used [0x23ba0000, 0x23c20000, 0x23c20000)
  to   space 512K,   0% used [0x23b20000, 0x23b20000, 0x23ba0000)
 tenured generation   total 10944K, used 513K [0x28c20000, 0x296d0000, 0x336d0000)
   the space 10944K,   4% used [0x28c20000, 0x28ca0798, 0x28ca0800, 0x296d0000)
 compacting perm gen  total 12288K, used 1141K [0x336d0000, 0x342d0000, 0x376d0000)
   the space 12288K,   9% used [0x336d0000, 0x337ed498, 0x337ed600, 0x342d0000)
    ro space 10240K,  45% used [0x376d0000, 0x37b57988, 0x37b57a00, 0x380d0000)
    rw space 12288K,  54% used [0x380d0000, 0x3875b5d8, 0x3875b600, 0x38cd0000)
}
Event: 2.856 GC heap before
{Heap before GC invocations=1 (full 0):
 def new generation   total 4928K, used 4928K [0x236d0000, 0x23c20000, 0x28c20000)
  eden space 4416K, 100% used [0x236d0000, 0x23b20000, 0x23b20000)
  from space 512K, 100% used [0x23ba0000, 0x23c20000, 0x23c20000)
  to   space 512K,   0% used [0x23b20000, 0x23b20000, 0x23ba0000)
 tenured generation   total 10944K, used 513K [0x28c20000, 0x296d0000, 0x336d0000)
   the space 10944K,   4% used [0x28c20000, 0x28ca0798, 0x28ca0800, 0x296d0000)
 compacting perm gen  total 12288K, used 1802K [0x336d0000, 0x342d0000, 0x376d0000)
   the space 12288K,  14% used [0x336d0000, 0x33892a40, 0x33892c00, 0x342d0000)
    ro space 10240K,  45% used [0x376d0000, 0x37b57988, 0x37b57a00, 0x380d0000)
    rw space 12288K,  54% used [0x380d0000, 0x3875b5d8, 0x3875b600, 0x38cd0000)
Event: 2.869 GC heap after
Heap after GC invocations=2 (full 0):
 def new generation   total 4928K, used 512K [0x236d0000, 0x23c20000, 0x28c20000)
  eden space 4416K,   0% used [0x236d0000, 0x236d0000, 0x23b20000)
  from space 512K, 100% used [0x23b20000, 0x23ba0000, 0x23ba0000)
  to   space 512K,   0% used [0x23ba0000, 0x23ba0000, 0x23c20000)
 tenured generation   total 10944K, used 2254K [0x28c20000, 0x296d0000, 0x336d0000)
   the space 10944K,  20% used [0x28c20000, 0x28e538f0, 0x28e53a00, 0x296d0000)
 compacting perm gen  total 12288K, used 1802K [0x336d0000, 0x342d0000, 0x376d0000)
   the space 12288K,  14% used [0x336d0000, 0x33892a40, 0x33892c00, 0x342d0000)
    ro space 10240K,  45% used [0x376d0000, 0x37b57988, 0x37b57a00, 0x380d0000)
    rw space 12288K,  54% used [0x380d0000, 0x3875b5d8, 0x3875b600, 0x38cd0000)
}

Deoptimization events (0 events):
No events

Internal exceptions (10 events):
Event: 3.442 Thread 0x0446f800 Threw 0x2380b580 at C:\jdk7u2_32P\jdk7u21\hotspot\src\share\vm\prims\jvm.cpp:1166
Event: 3.443 Thread 0x0446f800 Threw 0x23810198 at C:\jdk7u2_32P\jdk7u21\hotspot\src\share\vm\prims\jvm.cpp:1166
Event: 3.445 Thread 0x0446f800 Threw 0x23814710 at C:\jdk7u2_32P\jdk7u21\hotspot\src\share\vm\prims\jvm.cpp:1166
Event: 3.447 Thread 0x0446f800 Threw 0x23818d30 at C:\jdk7u2_32P\jdk7u21\hotspot\src\share\vm\prims\jvm.cpp:1166
Event: 3.449 Thread 0x0446f800 Threw 0x2381e570 at C:\jdk7u2_32P\jdk7u21\hotspot\src\share\vm\prims\jvm.cpp:1166
Event: 3.452 Thread 0x0446f800 Threw 0x23822ea0 at C:\jdk7u2_32P\jdk7u21\hotspot\src\share\vm\prims\jvm.cpp:1166
Event: 3.454 Thread 0x0446f800 Threw 0x238262f8 at C:\jdk7u2_32P\jdk7u21\hotspot\src\share\vm\prims\jvm.cpp:1166
Event: 3.455 Thread 0x0446f800 Threw 0x23829d20 at C:\jdk7u2_32P\jdk7u21\hotspot\src\share\vm\prims\jvm.cpp:1166
Event: 3.456 Thread 0x0446f800 Threw 0x2382d690 at C:\jdk7u2_32P\jdk7u21\hotspot\src\share\vm\prims\jvm.cpp:1166
Event: 3.457 Thread 0x0446f800 Threw 0x23830888 at C:\jdk7u2_32P\jdk7u21\hotspot\src\share\vm\prims\jvm.cpp:1166

Events (10 events):
Event: 3.454 loading class 0x044353b8
Event: 3.454 loading class 0x044353b8 done
Event: 3.455 loading class 0x04431210
Event: 3.455 loading class 0x04431210 done
Event: 3.456 loading class 0x04430fe0
Event: 3.456 loading class 0x04430fe0 done
Event: 3.457 loading class 0x044311c0
Event: 3.457 loading class 0x044311c0 done
Event: 3.465 loading class 0x38d05320
Event: 3.465 loading class 0x38d05320 done


Dynamic libraries:
0x01340000 - 0x0136f000 	C:\Program Files\Java\jdk1.7.0_21\bin\java.exe
0x77720000 - 0x7785c000 	C:\Windows\SYSTEM32\ntdll.dll
0x75c80000 - 0x75d54000 	C:\Windows\system32\kernel32.dll
0x75920000 - 0x7596a000 	C:\Windows\system32\KERNELBASE.dll
0x773f0000 - 0x77490000 	C:\Windows\system32\ADVAPI32.dll
0x75f20000 - 0x75fcc000 	C:\Windows\system32\msvcrt.dll
0x76e60000 - 0x76e79000 	C:\Windows\SYSTEM32\sechost.dll
0x774d0000 - 0x77571000 	C:\Windows\system32\RPCRT4.dll
0x76e80000 - 0x76f49000 	C:\Windows\system32\USER32.dll
0x77870000 - 0x778be000 	C:\Windows\system32\GDI32.dll
0x75c60000 - 0x75c6a000 	C:\Windows\system32\LPK.dll
0x76dc0000 - 0x76e5d000 	C:\Windows\system32\USP10.dll
0x73f60000 - 0x740fe000 	C:\Windows\WinSxS\x86_microsoft.windows.common-controls_6595b64144ccf1df_6.0.7600.16385_none_421189da2b7fabfc\COMCTL32.dll
0x75d60000 - 0x75db7000 	C:\Windows\system32\SHLWAPI.dll
0x75fd0000 - 0x75fef000 	C:\Windows\system32\IMM32.DLL
0x75ff0000 - 0x760bc000 	C:\Windows\system32\MSCTF.dll
0x757c0000 - 0x75861000 	C:\Windows\system32\Scdetour.dll
0x0f000000 - 0x0f006000 	C:\Windows\system32\detoured.dll
0x75c70000 - 0x75c75000 	C:\Windows\system32\PSAPI.DLL
0x753c0000 - 0x75755000 	c:\progra~2\bitguard\271832~1.68\{c16c1~1\bitguard.dll
0x760c0000 - 0x76d09000 	C:\Windows\system32\SHELL32.dll
0x76f50000 - 0x770ac000 	C:\Windows\system32\ole32.dll
0x75b70000 - 0x75bff000 	C:\Windows\system32\OLEAUT32.dll
0x753b0000 - 0x753b9000 	C:\Windows\system32\VERSION.dll
0x76d10000 - 0x76d3a000 	C:\Windows\system32\imagehlp.dll
0x75350000 - 0x753a8000 	C:\Windows\system32\WINHTTP.dll
0x75300000 - 0x7534f000 	C:\Windows\system32\webio.dll
0x62480000 - 0x6253e000 	C:\Program Files\Java\jdk1.7.0_21\jre\bin\msvcr100.dll
0x60cf0000 - 0x6103f000 	C:\Program Files\Java\jdk1.7.0_21\jre\bin\client\jvm.dll
0x71dd0000 - 0x71dd7000 	C:\Windows\system32\WSOCK32.dll
0x77490000 - 0x774c5000 	C:\Windows\system32\WS2_32.dll
0x75dc0000 - 0x75dc6000 	C:\Windows\system32\NSI.dll
0x72410000 - 0x72442000 	C:\Windows\system32\WINMM.dll
0x73f40000 - 0x73f4c000 	C:\Program Files\Java\jdk1.7.0_21\jre\bin\verify.dll
0x6f9a0000 - 0x6f9c0000 	C:\Program Files\Java\jdk1.7.0_21\jre\bin\java.dll
0x6fa20000 - 0x6fa33000 	C:\Program Files\Java\jdk1.7.0_21\jre\bin\zip.dll
0x60990000 - 0x60ad2000 	C:\Program Files\Java\jdk1.7.0_21\jre\bin\awt.dll
0x73bf0000 - 0x73c03000 	C:\Windows\system32\DWMAPI.DLL
0x73ee0000 - 0x73f20000 	C:\Windows\system32\uxtheme.dll
0x01af0000 - 0x01b09000 	H:\krsna\ADH\ADH.01
0x752b0000 - 0x752bc000 	C:\Windows\system32\CRYPTBASE.dll
0x608d0000 - 0x6098e000 	C:\Users\rahul\AppData\Local\Temp\javacpp22437334261272\msvcr100.dll
0x63250000 - 0x632b9000 	C:\Users\rahul\AppData\Local\Temp\javacpp22437334261272\msvcp100.dll
0x04e80000 - 0x05db6000 	C:\Users\rahul\AppData\Local\Temp\javacpp22437334261272\opencv_ffmpeg248.dll
0x5d820000 - 0x5da26000 	C:\Users\rahul\AppData\Local\Temp\javacpp22437334261272\opencv_core248.dll
0x5d5b0000 - 0x5d81b000 	C:\Users\rahul\AppData\Local\Temp\javacpp22437334261272\opencv_imgproc248.dll
0x5d3a0000 - 0x5d5a7000 	C:\Users\rahul\AppData\Local\Temp\javacpp22437334261272\opencv_highgui248.dll
0x63230000 - 0x63249000 	C:\Windows\system32\AVIFIL32.dll
0x71040000 - 0x71054000 	C:\Windows\system32\MSACM32.dll
0x698e0000 - 0x69901000 	C:\Windows\system32\MSVFW32.dll
0x66f80000 - 0x66f93000 	C:\Windows\system32\AVICAP32.dll
0x60820000 - 0x608c4000 	C:\Users\rahul\AppData\Local\Temp\javacpp22437334261272\opencv_objdetect248.dll
0x62700000 - 0x6273c000 	C:\Users\rahul\AppData\Local\Temp\javacpp22437334261272\jniopencv_objdetect.dll
0x626e0000 - 0x626f9000 	C:\Users\rahul\AppData\Local\Temp\javacpp22437334261272\jnivideoInputLib.dll
0x67150000 - 0x67181000 	C:\Program Files\Java\jdk1.7.0_21\jre\bin\fontmanager.dll
0x778c0000 - 0x77943000 	C:\Windows\system32\CLBCatQ.DLL
0x5e050000 - 0x5e064000 	C:\Windows\system32\devenum.dll
0x77580000 - 0x7771d000 	C:\Windows\system32\setupapi.dll
0x75b40000 - 0x75b67000 	C:\Windows\system32\CFGMGR32.dll
0x75970000 - 0x75982000 	C:\Windows\system32\DEVOBJ.dll
0x74a10000 - 0x74a31000 	C:\Windows\system32\ntmarta.dll
0x75dd0000 - 0x75e15000 	C:\Windows\system32\WLDAP32.dll
0x758f0000 - 0x7591d000 	C:\Windows\system32\WINTRUST.dll
0x75a20000 - 0x75b3c000 	C:\Windows\system32\CRYPT32.dll
0x758e0000 - 0x758ec000 	C:\Windows\system32\MSASN1.dll
0x634b0000 - 0x634bb000 	C:\Windows\system32\msdmo.dll
0x6c910000 - 0x6c942000 	C:\Windows\system32\qcap.dll
0x5a720000 - 0x5a897000 	C:\Windows\system32\quartz.dll
0x6f860000 - 0x6f893000 	C:\Windows\system32\ksproxy.ax
0x71070000 - 0x71074000 	C:\Windows\system32\ksuser.dll
0x5e070000 - 0x5e233000 	C:\Windows\system32\d3d9.dll
0x634c0000 - 0x634c6000 	C:\Windows\system32\d3d8thk.dll
0x6f850000 - 0x6f859000 	C:\Windows\system32\vidcap.ax
0x6f830000 - 0x6f84d000 	C:\Windows\system32\kswdmcap.ax
0x5de20000 - 0x5df3c000 	C:\Windows\system32\MFC42.dll
0x6f040000 - 0x6f0ca000 	C:\Windows\system32\ODBC32.dll
0x73a00000 - 0x73a38000 	C:\Windows\system32\odbcint.dll
0x66fd0000 - 0x67050000 	C:\Windows\System32\qedit.dll
0x76d40000 - 0x76dbb000 	C:\Windows\system32\COMDLG32.dll
0x73d50000 - 0x73ee0000 	C:\Windows\WinSxS\x86_microsoft.windows.gdiplus_6595b64144ccf1df_1.1.7600.16385_none_72fc7cbf861225ca\gdiplus.dll
0x5cac0000 - 0x5cba7000 	C:\Windows\system32\DDRAW.dll
0x71b50000 - 0x71b56000 	C:\Windows\system32\DCIMAN32.dll
0x5b7b0000 - 0x5b87c000 	C:\Windows\system32\D3DIM700.DLL
0x07580000 - 0x079a1000 	C:\Program Files\FreeTime\FormatFactory\FFModules\Filters\ffdshow\ffdshow.ax
0x66fa0000 - 0x66fc5000 	C:\Windows\system32\DINPUT.dll
0x75240000 - 0x7525a000 	C:\Windows\system32\SspiCli.dll
0x10000000 - 0x100fb000 	C:\Program Files\FreeTime\FormatFactory\FFModules\AviSynthPlugins\VSFilter.dll
0x733b0000 - 0x73401000 	C:\Windows\system32\WINSPOOL.DRV
0x75e20000 - 0x75f14000 	C:\Windows\system32\WININET.dll
0x77860000 - 0x77863000 	C:\Windows\system32\Normaliz.dll
0x772b0000 - 0x773e5000 	C:\Windows\system32\urlmon.dll
0x770b0000 - 0x772a9000 	C:\Windows\system32\iertutil.dll
0x67120000 - 0x67129000 	C:\Windows\system32\msyuv.dll
0x5dfd0000 - 0x5e045000 	C:\Users\rahul\AppData\Local\Temp\javacpp22437334261272\jniopencv_core.dll
0x5e250000 - 0x5e289000 	C:\Users\rahul\AppData\Local\Temp\javacpp22437334261272\jniopencv_imgproc.dll
0x6cbb0000 - 0x6cc9b000 	C:\Windows\system32\dbghelp.dll

VM Arguments:
jvm_args: -Dfile.encoding=UTF-8 
java_command: Handy
Launcher Type: SUN_STANDARD

Environment Variables:
PATH=C:\Windows\system32;C:\Windows;C:\Windows\System32\Wbem;C:\Windows\System32\WindowsPowerShell\v1.0\;C:\Program Files\Intel\OpenCL SDK\2.0\bin\x86;C:\Program Files\Intel\WiFi\bin\;C:\Program Files\Common Files\Intel\WirelessCommon\;C:\opencv\build\x86\vc10\bin;I:\RailsInstaller\Git\cmd;I:\RailsInstaller\Ruby1.9.3\bin;C:\Ruby187\bin;C:\Windows\system32;C:\Windows;C:\Windows\System32\Wbem;C:\Windows\System32\WindowsPowerShell\v1.0\;C:\Program Files\Intel\OpenCL SDK\2.0\bin\x86;C:\Program Files\Intel\WiFi\bin\;C:\Program Files\Common Files\Intel\WirelessCommon\;C:\opencv\build\x86\vc10\bin;c:\program files\java\jdk1.7.0_21\bin;C:\Program Files\Intel\WiFi\bin\;C:\Program Files\Common Files\Intel\WirelessCommon\; DERBY_HOME\bin;C:\opencv\build\x86\vc10\bin
USERNAME=rahul
OS=Windows_NT
PROCESSOR_IDENTIFIER=x86 Family 6 Model 42 Stepping 7, GenuineIntel



---------------  S Y S T E M  ---------------

OS: Windows 7 Build 7600 

CPU:total 4 (2 cores per cpu, 2 threads per core) family 6 model 42 stepping 7, cmov, cx8, fxsr, mmx, sse, sse2, sse3, ssse3, sse4.1, sse4.2, popcnt, ht, tsc, tscinvbit

Memory: 4k page, physical 1988976k(341076k free), swap 3977952k(1031328k free)

vm_info: Java HotSpot(TM) Client VM (23.21-b01) for windows-x86 JRE (1.7.0_21-b11), built on Apr  4 2013 04:43:10 by "java_re" with unknown MS VC++:1600

time: Wed Dec 03 01:05:31 2014
elapsed time: 3 seconds

