#
# A fatal error has been detected by the Java Runtime Environment:
#
#  EXCEPTION_UNCAUGHT_CXX_EXCEPTION (0xe06d7363) at pc=0x75509617, pid=3484, tid=1328
#
# JRE version: 7.0_21-b11
# Java VM: Java HotSpot(TM) Client VM (23.21-b01 mixed mode, sharing windows-x86 )
# Problematic frame:
# C  [KERNELBASE.dll+0x9617]  RaiseException+0x54
#
# Failed to write core dump. Minidumps are not enabled by default on client versions of Windows
#
# If you would like to submit a bug report, please visit:
#   http://bugreport.sun.com/bugreport/crash.jsp
# The crash happened outside the Java Virtual Machine in native code.
# See problematic frame for where to report the bug.
#

---------------  T H R E A D  ---------------

Current thread (0x044bb800):  JavaThread "AWT-EventQueue-0" [_thread_in_native, id=1328, stack(0x04810000,0x04860000)]

siginfo: ExceptionCode=0xe06d7363, ExceptionInformation=0x19930520 0x0484ab80 0x0f8fa2b4 

Registers:
EAX=0x0484aadc, EBX=0x00000ef7, ECX=0x00000003, EDX=0x00000000
ESP=0x0484aadc, EBP=0x0484ab2c, ESI=0x0485c0d4, EDI=0x5fe61ec6
EIP=0x75509617, EFLAGS=0x00000202

Top of Stack: (sp=0x0484aadc)
0x0484aadc:   e06d7363 00000001 00000000 75509617
0x0484aaec:   00000003 19930520 0484ab80 0f8fa2b4
0x0484aafc:   00000000 045a7350 0484abe4 0484aaf0
0x0484ab0c:   0484abe4 00000030 0484ab34 0f7240de
0x0484ab1c:   045a7350 045a7308 00000030 0485c0d4
0x0484ab2c:   0484ab64 5fe77819 e06d7363 00000001
0x0484ab3c:   00000003 0484ab58 e06d7363 00000001
0x0484ab4c:   00000000 00000000 00000003 19930520 

Instructions: (pc=0x75509617)
0x755095f7:   89 45 c0 c1 e0 02 50 ff 75 14 8d 45 c4 50 e8 6f
0x75509607:   d1 ff ff 83 c4 0c 8d 45 b0 50 ff 15 6c 11 50 75
0x75509617:   c9 c2 10 00 89 45 c0 eb ed 90 90 90 90 90 8b ff
0x75509627:   55 8b ec 83 ec 1c 6a 00 6a 1c 8d 45 e4 50 6a 00 


Register to memory mapping:

EAX=0x0484aadc is pointing into the stack for thread: 0x044bb800
EBX=0x00000ef7 is an unknown value
ECX=0x00000003 is an unknown value
EDX=0x00000000 is an unknown value
ESP=0x0484aadc is pointing into the stack for thread: 0x044bb800
EBP=0x0484ab2c is pointing into the stack for thread: 0x044bb800
ESI=0x0485c0d4 is pointing into the stack for thread: 0x044bb800
EDI=0x5fe61ec6 is an unknown value


Stack: [0x04810000,0x04860000],  sp=0x0484aadc,  free space=234k
Native frames: (J=compiled Java code, j=interpreted, Vv=VM code, C=native code)
C  [KERNELBASE.dll+0x9617]  RaiseException+0x54
C  [msvcr100.dll+0x27819]  CxxThrowException+0x45

Java frames: (J=compiled Java code, j=interpreted, Vv=VM code)
j  com.googlecode.javacv.cpp.opencv_imgproc.cvCvtColor(Lcom/googlecode/javacv/cpp/opencv_core$CvArr;Lcom/googlecode/javacv/cpp/opencv_core$CvArr;I)V+0
j  javaapplication3.WebcamInitiation.jButton3ActionPerformed(Ljava/awt/event/ActionEvent;)V+143
j  javaapplication3.WebcamInitiation.access$000(Ljavaapplication3/WebcamInitiation;Ljava/awt/event/ActionEvent;)V+2
j  javaapplication3.WebcamInitiation$1.actionPerformed(Ljava/awt/event/ActionEvent;)V+5
j  javax.swing.AbstractButton.fireActionPerformed(Ljava/awt/event/ActionEvent;)V+84
j  javax.swing.AbstractButton$Handler.actionPerformed(Ljava/awt/event/ActionEvent;)V+5
j  javax.swing.DefaultButtonModel.fireActionPerformed(Ljava/awt/event/ActionEvent;)V+35
j  javax.swing.DefaultButtonModel.setPressed(Z)V+117
j  javax.swing.plaf.basic.BasicButtonListener.mouseReleased(Ljava/awt/event/MouseEvent;)V+35
j  java.awt.Component.processMouseEvent(Ljava/awt/event/MouseEvent;)V+64
j  javax.swing.JComponent.processMouseEvent(Ljava/awt/event/MouseEvent;)V+23
j  java.awt.Component.processEvent(Ljava/awt/AWTEvent;)V+81
j  java.awt.Container.processEvent(Ljava/awt/AWTEvent;)V+18
j  java.awt.Component.dispatchEventImpl(Ljava/awt/AWTEvent;)V+581
j  java.awt.Container.dispatchEventImpl(Ljava/awt/AWTEvent;)V+42
j  java.awt.Component.dispatchEvent(Ljava/awt/AWTEvent;)V+2
j  java.awt.LightweightDispatcher.retargetMouseEvent(Ljava/awt/Component;ILjava/awt/event/MouseEvent;)V+327
j  java.awt.LightweightDispatcher.processMouseEvent(Ljava/awt/event/MouseEvent;)Z+139
j  java.awt.LightweightDispatcher.dispatchEvent(Ljava/awt/AWTEvent;)Z+50
j  java.awt.Container.dispatchEventImpl(Ljava/awt/AWTEvent;)V+12
j  java.awt.Window.dispatchEventImpl(Ljava/awt/AWTEvent;)V+19
j  java.awt.Component.dispatchEvent(Ljava/awt/AWTEvent;)V+2
j  java.awt.EventQueue.dispatchEventImpl(Ljava/awt/AWTEvent;Ljava/lang/Object;)V+41
j  java.awt.EventQueue.access$200(Ljava/awt/EventQueue;Ljava/awt/AWTEvent;Ljava/lang/Object;)V+3
j  java.awt.EventQueue$3.run()Ljava/lang/Void;+12
j  java.awt.EventQueue$3.run()Ljava/lang/Object;+1
v  ~StubRoutines::call_stub
j  java.security.AccessController.doPrivileged(Ljava/security/PrivilegedAction;Ljava/security/AccessControlContext;)Ljava/lang/Object;+0
j  java.security.ProtectionDomain$1.doIntersectionPrivilege(Ljava/security/PrivilegedAction;Ljava/security/AccessControlContext;Ljava/security/AccessControlContext;)Ljava/lang/Object;+28
j  java.security.ProtectionDomain$1.doIntersectionPrivilege(Ljava/security/PrivilegedAction;Ljava/security/AccessControlContext;)Ljava/lang/Object;+6
j  java.awt.EventQueue$4.run()Ljava/lang/Void;+11
j  java.awt.EventQueue$4.run()Ljava/lang/Object;+1
v  ~StubRoutines::call_stub
j  java.security.AccessController.doPrivileged(Ljava/security/PrivilegedAction;Ljava/security/AccessControlContext;)Ljava/lang/Object;+0
j  java.security.ProtectionDomain$1.doIntersectionPrivilege(Ljava/security/PrivilegedAction;Ljava/security/AccessControlContext;Ljava/security/AccessControlContext;)Ljava/lang/Object;+28
j  java.awt.EventQueue.dispatchEvent(Ljava/awt/AWTEvent;)V+73
j  java.awt.EventDispatchThread.pumpOneEventForFilters(I)V+245
j  java.awt.EventDispatchThread.pumpEventsForFilter(ILjava/awt/Conditional;Ljava/awt/EventFilter;)V+35
j  java.awt.EventDispatchThread.pumpEventsForHierarchy(ILjava/awt/Conditional;Ljava/awt/Component;)V+11
j  java.awt.EventDispatchThread.pumpEvents(ILjava/awt/Conditional;)V+4
j  java.awt.EventDispatchThread.pumpEvents(Ljava/awt/Conditional;)V+3
j  java.awt.EventDispatchThread.run()V+9
v  ~StubRoutines::call_stub

---------------  P R O C E S S  ---------------

Java Threads: ( => current thread )
  0x0150b000 JavaThread "DestroyJavaVM" [_thread_blocked, id=5620, stack(0x011f0000,0x01240000)]
=>0x044bb800 JavaThread "AWT-EventQueue-0" [_thread_in_native, id=1328, stack(0x04810000,0x04860000)]
  0x0447e000 JavaThread "AWT-Windows" daemon [_thread_in_native, id=5232, stack(0x04170000,0x041c0000)]
  0x04477000 JavaThread "AWT-Shutdown" [_thread_blocked, id=4744, stack(0x04670000,0x046c0000)]
  0x04476000 JavaThread "Java2D Disposer" daemon [_thread_blocked, id=1104, stack(0x01980000,0x019d0000)]
  0x01eba400 JavaThread "Service Thread" daemon [_thread_blocked, id=6068, stack(0x04320000,0x04370000)]
  0x01eb5800 JavaThread "C1 CompilerThread0" daemon [_thread_blocked, id=5316, stack(0x03f00000,0x03f50000)]
  0x01eb4c00 JavaThread "Attach Listener" daemon [_thread_blocked, id=5276, stack(0x04250000,0x042a0000)]
  0x01ea8400 JavaThread "Signal Dispatcher" daemon [_thread_blocked, id=5456, stack(0x041c0000,0x04210000)]
  0x01e94000 JavaThread "Finalizer" daemon [_thread_blocked, id=5280, stack(0x04040000,0x04090000)]
  0x01e92000 JavaThread "Reference Handler" daemon [_thread_blocked, id=1252, stack(0x03f80000,0x03fd0000)]

Other Threads:
  0x01e90c00 VMThread [stack: 0x03fd0000,0x04020000] [id=4160]
  0x01ec3000 WatcherThread [stack: 0x043b0000,0x04400000] [id=1372]

VM state:not at safepoint (normal execution)

VM Mutex/Monitor currently owned by a thread: None

Heap
 def new generation   total 4928K, used 4012K [0x236d0000, 0x23c20000, 0x28c20000)
  eden space 4416K,  79% used [0x236d0000, 0x23a3b070, 0x23b20000)
  from space 512K, 100% used [0x23ba0000, 0x23c20000, 0x23c20000)
  to   space 512K,   0% used [0x23b20000, 0x23b20000, 0x23ba0000)
 tenured generation   total 10944K, used 1233K [0x28c20000, 0x296d0000, 0x336d0000)
   the space 10944K,  11% used [0x28c20000, 0x28d546f0, 0x28d54800, 0x296d0000)
 compacting perm gen  total 12288K, used 2226K [0x336d0000, 0x342d0000, 0x376d0000)
   the space 12288K,  18% used [0x336d0000, 0x338fc958, 0x338fca00, 0x342d0000)
    ro space 10240K,  45% used [0x376d0000, 0x37b57988, 0x37b57a00, 0x380d0000)
    rw space 12288K,  54% used [0x380d0000, 0x3875b5d8, 0x3875b600, 0x38cd0000)

Card table byte_map: [0x01420000,0x014d0000] byte_map_base: 0x01304980

Polling page: 0x001c0000

Code Cache  [0x01ee0000, 0x01fc0000, 0x03ee0000)
 total_blobs=450 nmethods=196 adapters=189 free_code_cache=31880Kb largest_free_block=32645312

Compilation events (10 events):
Event: 5.177 Thread 0x01eb5800  192             java.lang.Character::toLowerCase (6 bytes)
Event: 5.177 Thread 0x01eb5800 nmethod 192 0x01fbb108 code [0x01fbb210, 0x01fbb2b8]
Event: 5.339 Thread 0x01eb5800  193             java.io.Win32FileSystem::prefixLength (91 bytes)
Event: 5.340 Thread 0x01eb5800 nmethod 193 0x01fbb348 code [0x01fbb490, 0x01fbb824]
Event: 5.371 Thread 0x01eb5800  194             java.util.LinkedList::indexOf (73 bytes)
Event: 5.372 Thread 0x01eb5800 nmethod 194 0x01fbd648 code [0x01fbd760, 0x01fbd8ac]
Event: 5.461 Thread 0x01eb5800  195             java.lang.Integer::valueOf (54 bytes)
Event: 5.462 Thread 0x01eb5800 nmethod 195 0x01fbd9c8 code [0x01fbdac0, 0x01fbdbb0]
Event: 5.463 Thread 0x01eb5800  196             java.lang.String::indexOf (25 bytes)
Event: 5.463 Thread 0x01eb5800 nmethod 196 0x01fbdc88 code [0x01fbdd90, 0x01fbde5c]

GC Heap History (2 events):
Event: 2.345 GC heap before
{Heap before GC invocations=0 (full 0):
 def new generation   total 4928K, used 4416K [0x236d0000, 0x23c20000, 0x28c20000)
  eden space 4416K, 100% used [0x236d0000, 0x23b20000, 0x23b20000)
  from space 512K,   0% used [0x23b20000, 0x23b20000, 0x23ba0000)
  to   space 512K,   0% used [0x23ba0000, 0x23ba0000, 0x23c20000)
 tenured generation   total 10944K, used 0K [0x28c20000, 0x296d0000, 0x336d0000)
   the space 10944K,   0% used [0x28c20000, 0x28c20000, 0x28c20200, 0x296d0000)
 compacting perm gen  total 12288K, used 1787K [0x336d0000, 0x342d0000, 0x376d0000)
   the space 12288K,  14% used [0x336d0000, 0x3388ef28, 0x3388f000, 0x342d0000)
    ro space 10240K,  45% used [0x376d0000, 0x37b57988, 0x37b57a00, 0x380d0000)
    rw space 12288K,  54% used [0x380d0000, 0x3875b5d8, 0x3875b600, 0x38cd0000)
Event: 2.364 GC heap after
Heap after GC invocations=1 (full 0):
 def new generation   total 4928K, used 512K [0x236d0000, 0x23c20000, 0x28c20000)
  eden space 4416K,   0% used [0x236d0000, 0x236d0000, 0x23b20000)
  from space 512K, 100% used [0x23ba0000, 0x23c20000, 0x23c20000)
  to   space 512K,   0% used [0x23b20000, 0x23b20000, 0x23ba0000)
 tenured generation   total 10944K, used 1233K [0x28c20000, 0x296d0000, 0x336d0000)
   the space 10944K,  11% used [0x28c20000, 0x28d546f0, 0x28d54800, 0x296d0000)
 compacting perm gen  total 12288K, used 1787K [0x336d0000, 0x342d0000, 0x376d0000)
   the space 12288K,  14% used [0x336d0000, 0x3388ef28, 0x3388f000, 0x342d0000)
    ro space 10240K,  45% used [0x376d0000, 0x37b57988, 0x37b57a00, 0x380d0000)
    rw space 12288K,  54% used [0x380d0000, 0x3875b5d8, 0x3875b600, 0x38cd0000)
}

Deoptimization events (0 events):
No events

Internal exceptions (10 events):
Event: 5.456 Thread 0x044bb800 Threw 0x23a0e5b8 at C:\jdk7u2_32P\jdk7u21\hotspot\src\share\vm\prims\jvm.cpp:1166
Event: 5.458 Thread 0x044bb800 Threw 0x23a12d80 at C:\jdk7u2_32P\jdk7u21\hotspot\src\share\vm\prims\jvm.cpp:1166
Event: 5.459 Thread 0x044bb800 Threw 0x23a16e68 at C:\jdk7u2_32P\jdk7u21\hotspot\src\share\vm\prims\jvm.cpp:1166
Event: 5.460 Thread 0x044bb800 Threw 0x23a1af58 at C:\jdk7u2_32P\jdk7u21\hotspot\src\share\vm\prims\jvm.cpp:1166
Event: 5.461 Thread 0x044bb800 Threw 0x23a20388 at C:\jdk7u2_32P\jdk7u21\hotspot\src\share\vm\prims\jvm.cpp:1166
Event: 5.463 Thread 0x044bb800 Threw 0x23a24828 at C:\jdk7u2_32P\jdk7u21\hotspot\src\share\vm\prims\jvm.cpp:1166
Event: 5.464 Thread 0x044bb800 Threw 0x23a27780 at C:\jdk7u2_32P\jdk7u21\hotspot\src\share\vm\prims\jvm.cpp:1166
Event: 5.465 Thread 0x044bb800 Threw 0x23a2b678 at C:\jdk7u2_32P\jdk7u21\hotspot\src\share\vm\prims\jvm.cpp:1166
Event: 5.466 Thread 0x044bb800 Threw 0x23a2eba0 at C:\jdk7u2_32P\jdk7u21\hotspot\src\share\vm\prims\jvm.cpp:1166
Event: 5.467 Thread 0x044bb800 Threw 0x23a31918 at C:\jdk7u2_32P\jdk7u21\hotspot\src\share\vm\prims\jvm.cpp:1166

Events (10 events):
Event: 5.464 loading class 0x045a6ff0
Event: 5.464 loading class 0x045a6ff0 done
Event: 5.465 loading class 0x045a4540
Event: 5.465 loading class 0x045a4540 done
Event: 5.466 loading class 0x045a4360
Event: 5.466 loading class 0x045a4360 done
Event: 5.467 loading class 0x045a44f0
Event: 5.467 loading class 0x045a44f0 done
Event: 5.471 loading class 0x38d05320
Event: 5.471 loading class 0x38d05320 done


Dynamic libraries:
0x012f0000 - 0x0131f000 	C:\Program Files\Java\jdk1.7.0_21\bin\java.exe
0x77340000 - 0x7747c000 	C:\Windows\SYSTEM32\ntdll.dll
0x76d40000 - 0x76e14000 	C:\Windows\system32\kernel32.dll
0x75500000 - 0x7554a000 	C:\Windows\system32\KERNELBASE.dll
0x76ca0000 - 0x76d40000 	C:\Windows\system32\ADVAPI32.dll
0x76740000 - 0x767ec000 	C:\Windows\system32\msvcrt.dll
0x77490000 - 0x774a9000 	C:\Windows\SYSTEM32\sechost.dll
0x767f0000 - 0x76891000 	C:\Windows\system32\RPCRT4.dll
0x76430000 - 0x764f9000 	C:\Windows\system32\USER32.dll
0x77520000 - 0x7756e000 	C:\Windows\system32\GDI32.dll
0x774c0000 - 0x774ca000 	C:\Windows\system32\LPK.dll
0x768a0000 - 0x7693d000 	C:\Windows\system32\USP10.dll
0x742f0000 - 0x7448e000 	C:\Windows\WinSxS\x86_microsoft.windows.common-controls_6595b64144ccf1df_6.0.7600.16385_none_421189da2b7fabfc\COMCTL32.dll
0x76940000 - 0x76997000 	C:\Windows\system32\SHLWAPI.dll
0x757c0000 - 0x757df000 	C:\Windows\system32\IMM32.DLL
0x76b50000 - 0x76c1c000 	C:\Windows\system32\MSCTF.dll
0x753e0000 - 0x75481000 	C:\Windows\system32\Scdetour.dll
0x0f000000 - 0x0f006000 	C:\Windows\system32\detoured.dll
0x774b0000 - 0x774b5000 	C:\Windows\system32\PSAPI.DLL
0x74fe0000 - 0x75375000 	c:\progra~2\bitguard\271832~1.68\{c16c1~1\bitguard.dll
0x757e0000 - 0x76429000 	C:\Windows\system32\SHELL32.dll
0x769a0000 - 0x76afc000 	C:\Windows\system32\ole32.dll
0x76e20000 - 0x76eaf000 	C:\Windows\system32\OLEAUT32.dll
0x74fd0000 - 0x74fd9000 	C:\Windows\system32\VERSION.dll
0x774f0000 - 0x7751a000 	C:\Windows\system32\imagehlp.dll
0x74f70000 - 0x74fc8000 	C:\Windows\system32\WINHTTP.dll
0x74f20000 - 0x74f6f000 	C:\Windows\system32\webio.dll
0x5fe50000 - 0x5ff0e000 	C:\Program Files\Java\jdk1.7.0_21\jre\bin\msvcr100.dll
0x6e3b0000 - 0x6e6ff000 	C:\Program Files\Java\jdk1.7.0_21\jre\bin\client\jvm.dll
0x710f0000 - 0x710f7000 	C:\Windows\system32\WSOCK32.dll
0x75780000 - 0x757b5000 	C:\Windows\system32\WS2_32.dll
0x774e0000 - 0x774e6000 	C:\Windows\system32\NSI.dll
0x732f0000 - 0x73322000 	C:\Windows\system32\WINMM.dll
0x733d0000 - 0x733dc000 	C:\Program Files\Java\jdk1.7.0_21\jre\bin\verify.dll
0x6d420000 - 0x6d440000 	C:\Program Files\Java\jdk1.7.0_21\jre\bin\java.dll
0x6d320000 - 0x6d333000 	C:\Program Files\Java\jdk1.7.0_21\jre\bin\zip.dll
0x6c9c0000 - 0x6cb02000 	C:\Program Files\Java\jdk1.7.0_21\jre\bin\awt.dll
0x73ca0000 - 0x73ce0000 	C:\Windows\system32\uxtheme.dll
0x73860000 - 0x73873000 	C:\Windows\system32\dwmapi.dll
0x74ed0000 - 0x74edc000 	C:\Windows\system32\CRYPTBASE.dll
0x72e30000 - 0x72e61000 	C:\Program Files\Java\jdk1.7.0_21\jre\bin\fontmanager.dll
0x10000000 - 0x10038000 	C:\Program Files\WIDCOMM\Bluetooth Software\btmmhook.dll
0x6d300000 - 0x6d314000 	C:\Program Files\Java\jdk1.7.0_21\jre\bin\net.dll
0x749c0000 - 0x749fc000 	C:\Windows\system32\mswsock.dll
0x749b0000 - 0x749b6000 	C:\Windows\System32\wship6.dll
0x73330000 - 0x7333e000 	C:\Program Files\Java\jdk1.7.0_21\jre\bin\nio.dll
0x6d3b0000 - 0x6d3e0000 	C:\Program Files\Java\jdk1.7.0_21\jre\bin\t2k.dll
0x770b0000 - 0x77133000 	C:\Windows\system32\CLBCatQ.DLL
0x6d340000 - 0x6d364000 	C:\Program Files\Java\jdk1.7.0_21\jre\bin\dcpr.dll
0x64320000 - 0x643de000 	C:\Users\rahul\AppData\Local\Temp\javacpp3196079825920\msvcr100.dll
0x635e0000 - 0x63649000 	C:\Users\rahul\AppData\Local\Temp\javacpp3196079825920\msvcp100.dll
0x0f720000 - 0x0f926000 	C:\Users\rahul\AppData\Local\Temp\javacpp3196079825920\opencv_core248.dll
0x5aaa0000 - 0x5ab15000 	C:\Users\rahul\AppData\Local\Temp\javacpp3196079825920\jniopencv_core.dll
0x05430000 - 0x06366000 	C:\Users\rahul\AppData\Local\Temp\javacpp3196079825920\opencv_ffmpeg248.dll
0x06370000 - 0x065db000 	C:\Users\rahul\AppData\Local\Temp\javacpp3196079825920\opencv_imgproc248.dll
0x065e0000 - 0x067e7000 	C:\Users\rahul\AppData\Local\Temp\javacpp3196079825920\opencv_highgui248.dll
0x650f0000 - 0x65109000 	C:\Windows\system32\AVIFIL32.dll
0x652b0000 - 0x652c4000 	C:\Windows\system32\MSACM32.dll
0x64f80000 - 0x64fa1000 	C:\Windows\system32\MSVFW32.dll
0x65110000 - 0x65123000 	C:\Windows\system32\AVICAP32.dll
0x71a70000 - 0x71a7f000 	C:\Users\rahul\AppData\Local\Temp\javacpp3196079825920\jniopencv_highgui.dll
0x62610000 - 0x62624000 	C:\Windows\system32\devenum.dll
0x76f10000 - 0x770ad000 	C:\Windows\system32\setupapi.dll
0x75550000 - 0x75577000 	C:\Windows\system32\CFGMGR32.dll
0x75610000 - 0x75622000 	C:\Windows\system32\DEVOBJ.dll
0x74630000 - 0x74651000 	C:\Windows\system32\ntmarta.dll
0x76b00000 - 0x76b45000 	C:\Windows\system32\WLDAP32.dll
0x75630000 - 0x7565d000 	C:\Windows\system32\WINTRUST.dll
0x75660000 - 0x7577c000 	C:\Windows\system32\CRYPT32.dll
0x77480000 - 0x7748c000 	C:\Windows\system32\MSASN1.dll
0x65ff0000 - 0x65ffb000 	C:\Windows\system32\msdmo.dll
0x73880000 - 0x738b9000 	C:\Windows\system32\MMDevAPI.DLL
0x73ce0000 - 0x73dd5000 	C:\Windows\system32\PROPSYS.dll
0x657e0000 - 0x65810000 	C:\Windows\system32\wdmaud.drv
0x657d0000 - 0x657d4000 	C:\Windows\system32\ksuser.dll
0x73460000 - 0x73467000 	C:\Windows\system32\AVRT.dll
0x731b0000 - 0x731e6000 	C:\Windows\system32\AUDIOSES.DLL
0x652d0000 - 0x652d8000 	C:\Windows\system32\msacm32.drv
0x652a0000 - 0x652a7000 	C:\Windows\system32\midimap.dll
0x64eb0000 - 0x64ee9000 	C:\Users\rahul\AppData\Local\Temp\javacpp3196079825920\jniopencv_imgproc.dll
0x6de00000 - 0x6deeb000 	C:\Windows\system32\dbghelp.dll

VM Arguments:
jvm_args: -Dfile.encoding=UTF-8 
java_command: javaapplication3.WebcamInitiation
Launcher Type: SUN_STANDARD

Environment Variables:
PATH=C:\Program Files\Broadcom\Broadcom 802.11\Driver;C:\Windows\system32;C:\Windows;C:\Windows\System32\Wbem;C:\Windows\System32\WindowsPowerShell\v1.0\;C:\Program Files\Intel\OpenCL SDK\2.0\bin\x86;C:\Program Files\Intel\WiFi\bin\;C:\Program Files\Common Files\Intel\WirelessCommon\;C:\opencv\build\x86\vc10\bin;C:\Program Files\WIDCOMM\Bluetooth Software\;I:\RailsInstaller\Git\cmd;I:\RailsInstaller\Ruby1.9.3\bin;C:\Ruby187\bin;C:\Program Files\Broadcom\Broadcom 802.11\Driver;C:\Windows\system32;C:\Windows;C:\Windows\System32\Wbem;C:\Windows\System32\WindowsPowerShell\v1.0\;C:\Program Files\Intel\OpenCL SDK\2.0\bin\x86;C:\Program Files\Intel\WiFi\bin\;C:\Program Files\Common Files\Intel\WirelessCommon\;C:\opencv\build\x86\vc10\bin;C:\Program Files\WIDCOMM\Bluetooth Software\;c:\program files\java\jdk1.7.0_21\bin;C:\Program Files\Intel\WiFi\bin\;C:\Program Files\Common Files\Intel\WirelessCommon\; DERBY_HOME\bin;C:\opencv\build\x86\vc10\bin;C:\TC\BIN;C:\TC\LIB;C:\TC\INCLUDE;
USERNAME=rahul
OS=Windows_NT
PROCESSOR_IDENTIFIER=x86 Family 6 Model 42 Stepping 7, GenuineIntel



---------------  S Y S T E M  ---------------

OS: Windows 7 Build 7600 

CPU:total 4 (2 cores per cpu, 2 threads per core) family 6 model 42 stepping 7, cmov, cx8, fxsr, mmx, sse, sse2, sse3, ssse3, sse4.1, sse4.2, popcnt, ht, tsc, tscinvbit

Memory: 4k page, physical 1988976k(146780k free), swap 3977952k(1225892k free)

vm_info: Java HotSpot(TM) Client VM (23.21-b01) for windows-x86 JRE (1.7.0_21-b11), built on Apr  4 2013 04:43:10 by "java_re" with unknown MS VC++:1600

time: Tue Jan 13 19:08:28 2015
elapsed time: 5 seconds

