#
# A fatal error has been detected by the Java Runtime Environment:
#
#  EXCEPTION_UNCAUGHT_CXX_EXCEPTION (0xe06d7363) at pc=0x75509617, pid=5608, tid=4632
#
# JRE version: 7.0_21-b11
# Java VM: Java HotSpot(TM) Client VM (23.21-b01 mixed mode, sharing windows-x86 )
# Problematic frame:
# C  [KERNELBASE.dll+0x9617]  RaiseException+0x54
#
# Failed to write core dump. Minidumps are not enabled by default on client versions of Windows
#
# If you would like to submit a bug report, please visit:
#   http://bugreport.sun.com/bugreport/crash.jsp
# The crash happened outside the Java Virtual Machine in native code.
# See problematic frame for where to report the bug.
#

---------------  T H R E A D  ---------------

Current thread (0x0438a800):  JavaThread "AWT-EventQueue-0" [_thread_in_native, id=4632, stack(0x045b0000,0x04600000)]

siginfo: ExceptionCode=0xe06d7363, ExceptionInformation=0x19930520 0x045ead70 0x0f7aa2b4 

Registers:
EAX=0x045eaccc, EBX=0x00000ef7, ECX=0x00000003, EDX=0x00000000
ESP=0x045eaccc, EBP=0x045ead1c, ESI=0x045fc2c4, EDI=0x5fe61ec6
EIP=0x75509617, EFLAGS=0x00000206

Top of Stack: (sp=0x045eaccc)
0x045eaccc:   e06d7363 00000001 00000000 75509617
0x045eacdc:   00000003 19930520 045ead70 0f7aa2b4
0x045eacec:   00000000 04499450 045eadd4 045eace0
0x045eacfc:   045eadd4 00000030 045ead24 0f5d40de
0x045ead0c:   04499450 044993c0 00000030 045fc2c4
0x045ead1c:   045ead54 5fe77819 e06d7363 00000001
0x045ead2c:   00000003 045ead48 e06d7363 00000001
0x045ead3c:   00000000 00000000 00000003 19930520 

Instructions: (pc=0x75509617)
0x755095f7:   89 45 c0 c1 e0 02 50 ff 75 14 8d 45 c4 50 e8 6f
0x75509607:   d1 ff ff 83 c4 0c 8d 45 b0 50 ff 15 6c 11 50 75
0x75509617:   c9 c2 10 00 89 45 c0 eb ed 90 90 90 90 90 8b ff
0x75509627:   55 8b ec 83 ec 1c 6a 00 6a 1c 8d 45 e4 50 6a 00 


Register to memory mapping:

EAX=0x045eaccc is pointing into the stack for thread: 0x0438a800
EBX=0x00000ef7 is an unknown value
ECX=0x00000003 is an unknown value
EDX=0x00000000 is an unknown value
ESP=0x045eaccc is pointing into the stack for thread: 0x0438a800
EBP=0x045ead1c is pointing into the stack for thread: 0x0438a800
ESI=0x045fc2c4 is pointing into the stack for thread: 0x0438a800
EDI=0x5fe61ec6 is an unknown value


Stack: [0x045b0000,0x04600000],  sp=0x045eaccc,  free space=235k
Native frames: (J=compiled Java code, j=interpreted, Vv=VM code, C=native code)
C  [KERNELBASE.dll+0x9617]  RaiseException+0x54
C  [msvcr100.dll+0x27819]  CxxThrowException+0x45

Java frames: (J=compiled Java code, j=interpreted, Vv=VM code)
j  com.googlecode.javacv.cpp.opencv_imgproc.cvCvtColor(Lcom/googlecode/javacv/cpp/opencv_core$CvArr;Lcom/googlecode/javacv/cpp/opencv_core$CvArr;I)V+0
j  javaapplication3.WebcamInitiation.jButton3ActionPerformed(Ljava/awt/event/ActionEvent;)V+143
j  javaapplication3.WebcamInitiation.access$000(Ljavaapplication3/WebcamInitiation;Ljava/awt/event/ActionEvent;)V+2
j  javaapplication3.WebcamInitiation$1.actionPerformed(Ljava/awt/event/ActionEvent;)V+5
j  javax.swing.AbstractButton.fireActionPerformed(Ljava/awt/event/ActionEvent;)V+84
j  javax.swing.AbstractButton$Handler.actionPerformed(Ljava/awt/event/ActionEvent;)V+5
j  javax.swing.DefaultButtonModel.fireActionPerformed(Ljava/awt/event/ActionEvent;)V+35
j  javax.swing.DefaultButtonModel.setPressed(Z)V+117
j  javax.swing.plaf.basic.BasicButtonListener.mouseReleased(Ljava/awt/event/MouseEvent;)V+35
j  java.awt.Component.processMouseEvent(Ljava/awt/event/MouseEvent;)V+64
j  javax.swing.JComponent.processMouseEvent(Ljava/awt/event/MouseEvent;)V+23
j  java.awt.Component.processEvent(Ljava/awt/AWTEvent;)V+81
j  java.awt.Container.processEvent(Ljava/awt/AWTEvent;)V+18
j  java.awt.Component.dispatchEventImpl(Ljava/awt/AWTEvent;)V+581
j  java.awt.Container.dispatchEventImpl(Ljava/awt/AWTEvent;)V+42
j  java.awt.Component.dispatchEvent(Ljava/awt/AWTEvent;)V+2
j  java.awt.LightweightDispatcher.retargetMouseEvent(Ljava/awt/Component;ILjava/awt/event/MouseEvent;)V+327
j  java.awt.LightweightDispatcher.processMouseEvent(Ljava/awt/event/MouseEvent;)Z+139
j  java.awt.LightweightDispatcher.dispatchEvent(Ljava/awt/AWTEvent;)Z+50
j  java.awt.Container.dispatchEventImpl(Ljava/awt/AWTEvent;)V+12
j  java.awt.Window.dispatchEventImpl(Ljava/awt/AWTEvent;)V+19
j  java.awt.Component.dispatchEvent(Ljava/awt/AWTEvent;)V+2
j  java.awt.EventQueue.dispatchEventImpl(Ljava/awt/AWTEvent;Ljava/lang/Object;)V+41
j  java.awt.EventQueue.access$200(Ljava/awt/EventQueue;Ljava/awt/AWTEvent;Ljava/lang/Object;)V+3
j  java.awt.EventQueue$3.run()Ljava/lang/Void;+12
j  java.awt.EventQueue$3.run()Ljava/lang/Object;+1
v  ~StubRoutines::call_stub
j  java.security.AccessController.doPrivileged(Ljava/security/PrivilegedAction;Ljava/security/AccessControlContext;)Ljava/lang/Object;+0
j  java.security.ProtectionDomain$1.doIntersectionPrivilege(Ljava/security/PrivilegedAction;Ljava/security/AccessControlContext;Ljava/security/AccessControlContext;)Ljava/lang/Object;+28
j  java.security.ProtectionDomain$1.doIntersectionPrivilege(Ljava/security/PrivilegedAction;Ljava/security/AccessControlContext;)Ljava/lang/Object;+6
j  java.awt.EventQueue$4.run()Ljava/lang/Void;+11
j  java.awt.EventQueue$4.run()Ljava/lang/Object;+1
v  ~StubRoutines::call_stub
j  java.security.AccessController.doPrivileged(Ljava/security/PrivilegedAction;Ljava/security/AccessControlContext;)Ljava/lang/Object;+0
j  java.security.ProtectionDomain$1.doIntersectionPrivilege(Ljava/security/PrivilegedAction;Ljava/security/AccessControlContext;Ljava/security/AccessControlContext;)Ljava/lang/Object;+28
j  java.awt.EventQueue.dispatchEvent(Ljava/awt/AWTEvent;)V+73
j  java.awt.EventDispatchThread.pumpOneEventForFilters(I)V+245
j  java.awt.EventDispatchThread.pumpEventsForFilter(ILjava/awt/Conditional;Ljava/awt/EventFilter;)V+35
j  java.awt.EventDispatchThread.pumpEventsForHierarchy(ILjava/awt/Conditional;Ljava/awt/Component;)V+11
j  java.awt.EventDispatchThread.pumpEvents(ILjava/awt/Conditional;)V+4
j  java.awt.EventDispatchThread.pumpEvents(Ljava/awt/Conditional;)V+3
j  java.awt.EventDispatchThread.run()V+9
v  ~StubRoutines::call_stub

---------------  P R O C E S S  ---------------

Java Threads: ( => current thread )
  0x01e4b000 JavaThread "DestroyJavaVM" [_thread_blocked, id=1460, stack(0x01d80000,0x01dd0000)]
=>0x0438a800 JavaThread "AWT-EventQueue-0" [_thread_in_native, id=4632, stack(0x045b0000,0x04600000)]
  0x04348400 JavaThread "AWT-Windows" daemon [_thread_in_native, id=5780, stack(0x047c0000,0x04810000)]
  0x04347c00 JavaThread "AWT-Shutdown" [_thread_blocked, id=1204, stack(0x04720000,0x04770000)]
  0x04347800 JavaThread "Java2D Disposer" daemon [_thread_blocked, id=1056, stack(0x04610000,0x04660000)]
  0x01f2b000 JavaThread "Service Thread" daemon [_thread_blocked, id=5564, stack(0x04090000,0x040e0000)]
  0x01f26800 JavaThread "C1 CompilerThread0" daemon [_thread_blocked, id=3564, stack(0x04230000,0x04280000)]
  0x01f26000 JavaThread "Attach Listener" daemon [_thread_blocked, id=4104, stack(0x041b0000,0x04200000)]
  0x01f23800 JavaThread "Signal Dispatcher" daemon [_thread_blocked, id=4692, stack(0x04120000,0x04170000)]
  0x01f04000 JavaThread "Finalizer" daemon [_thread_blocked, id=1408, stack(0x01820000,0x01870000)]
  0x01f02000 JavaThread "Reference Handler" daemon [_thread_blocked, id=4152, stack(0x04040000,0x04090000)]

Other Threads:
  0x01f00c00 VMThread [stack: 0x01dd0000,0x01e20000] [id=1340]
  0x01f34000 WatcherThread [stack: 0x04280000,0x042d0000] [id=5052]

VM state:not at safepoint (normal execution)

VM Mutex/Monitor currently owned by a thread: None

Heap
 def new generation   total 4928K, used 4032K [0x236d0000, 0x23c20000, 0x28c20000)
  eden space 4416K,  79% used [0x236d0000, 0x23a40170, 0x23b20000)
  from space 512K, 100% used [0x23ba0000, 0x23c20000, 0x23c20000)
  to   space 512K,   0% used [0x23b20000, 0x23b20000, 0x23ba0000)
 tenured generation   total 10944K, used 1233K [0x28c20000, 0x296d0000, 0x336d0000)
   the space 10944K,  11% used [0x28c20000, 0x28d54720, 0x28d54800, 0x296d0000)
 compacting perm gen  total 12288K, used 2226K [0x336d0000, 0x342d0000, 0x376d0000)
   the space 12288K,  18% used [0x336d0000, 0x338fc840, 0x338fca00, 0x342d0000)
    ro space 10240K,  45% used [0x376d0000, 0x37b57988, 0x37b57a00, 0x380d0000)
    rw space 12288K,  54% used [0x380d0000, 0x3875b5d8, 0x3875b600, 0x38cd0000)

Card table byte_map: [0x011e0000,0x01290000] byte_map_base: 0x010c4980

Polling page: 0x002c0000

Code Cache  [0x01f50000, 0x02030000, 0x03f50000)
 total_blobs=445 nmethods=191 adapters=189 free_code_cache=31883Kb largest_free_block=32649088

Compilation events (10 events):
Event: 3.640 Thread 0x01f26800  187             java.lang.Character::toUpperCase (6 bytes)
Event: 3.640 Thread 0x01f26800 nmethod 187 0x0202a488 code [0x0202a590, 0x0202a638]
Event: 3.657 Thread 0x01f26800  188             java.lang.Character::toLowerCase (6 bytes)
Event: 3.658 Thread 0x01f26800 nmethod 188 0x0202a6c8 code [0x0202a7d0, 0x0202a878]
Event: 3.810 Thread 0x01f26800  189             java.io.Win32FileSystem::prefixLength (91 bytes)
Event: 3.811 Thread 0x01f26800 nmethod 189 0x0202a908 code [0x0202aa50, 0x0202ade4]
Event: 3.816 Thread 0x01f26800  190             java.util.concurrent.locks.AbstractQueuedSynchronizer::setState (6 bytes)
Event: 3.816 Thread 0x01f26800 nmethod 190 0x0202b288 code [0x0202b380, 0x0202b400]
Event: 3.916 Thread 0x01f26800  191             java.lang.Integer::valueOf (54 bytes)
Event: 3.917 Thread 0x01f26800 nmethod 191 0x0202cdc8 code [0x0202cec0, 0x0202cfb0]

GC Heap History (2 events):
Event: 1.558 GC heap before
{Heap before GC invocations=0 (full 0):
 def new generation   total 4928K, used 4416K [0x236d0000, 0x23c20000, 0x28c20000)
  eden space 4416K, 100% used [0x236d0000, 0x23b20000, 0x23b20000)
  from space 512K,   0% used [0x23b20000, 0x23b20000, 0x23ba0000)
  to   space 512K,   0% used [0x23ba0000, 0x23ba0000, 0x23c20000)
 tenured generation   total 10944K, used 0K [0x28c20000, 0x296d0000, 0x336d0000)
   the space 10944K,   0% used [0x28c20000, 0x28c20000, 0x28c20200, 0x296d0000)
 compacting perm gen  total 12288K, used 1787K [0x336d0000, 0x342d0000, 0x376d0000)
   the space 12288K,  14% used [0x336d0000, 0x3388ee10, 0x3388f000, 0x342d0000)
    ro space 10240K,  45% used [0x376d0000, 0x37b57988, 0x37b57a00, 0x380d0000)
    rw space 12288K,  54% used [0x380d0000, 0x3875b5d8, 0x3875b600, 0x38cd0000)
Event: 1.579 GC heap after
Heap after GC invocations=1 (full 0):
 def new generation   total 4928K, used 512K [0x236d0000, 0x23c20000, 0x28c20000)
  eden space 4416K,   0% used [0x236d0000, 0x236d0000, 0x23b20000)
  from space 512K, 100% used [0x23ba0000, 0x23c20000, 0x23c20000)
  to   space 512K,   0% used [0x23b20000, 0x23b20000, 0x23ba0000)
 tenured generation   total 10944K, used 1233K [0x28c20000, 0x296d0000, 0x336d0000)
   the space 10944K,  11% used [0x28c20000, 0x28d54720, 0x28d54800, 0x296d0000)
 compacting perm gen  total 12288K, used 1787K [0x336d0000, 0x342d0000, 0x376d0000)
   the space 12288K,  14% used [0x336d0000, 0x3388ee10, 0x3388f000, 0x342d0000)
    ro space 10240K,  45% used [0x376d0000, 0x37b57988, 0x37b57a00, 0x380d0000)
    rw space 12288K,  54% used [0x380d0000, 0x3875b5d8, 0x3875b600, 0x38cd0000)
}

Deoptimization events (0 events):
No events

Internal exceptions (10 events):
Event: 3.911 Thread 0x0438a800 Threw 0x23a0e368 at C:\jdk7u2_32P\jdk7u21\hotspot\src\share\vm\prims\jvm.cpp:1166
Event: 3.913 Thread 0x0438a800 Threw 0x23a12b88 at C:\jdk7u2_32P\jdk7u21\hotspot\src\share\vm\prims\jvm.cpp:1166
Event: 3.914 Thread 0x0438a800 Threw 0x23a16c70 at C:\jdk7u2_32P\jdk7u21\hotspot\src\share\vm\prims\jvm.cpp:1166
Event: 3.915 Thread 0x0438a800 Threw 0x23a1ad50 at C:\jdk7u2_32P\jdk7u21\hotspot\src\share\vm\prims\jvm.cpp:1166
Event: 3.917 Thread 0x0438a800 Threw 0x23a201b0 at C:\jdk7u2_32P\jdk7u21\hotspot\src\share\vm\prims\jvm.cpp:1166
Event: 3.918 Thread 0x0438a800 Threw 0x23a24650 at C:\jdk7u2_32P\jdk7u21\hotspot\src\share\vm\prims\jvm.cpp:1166
Event: 3.919 Thread 0x0438a800 Threw 0x23a275a8 at C:\jdk7u2_32P\jdk7u21\hotspot\src\share\vm\prims\jvm.cpp:1166
Event: 3.920 Thread 0x0438a800 Threw 0x23a2b200 at C:\jdk7u2_32P\jdk7u21\hotspot\src\share\vm\prims\jvm.cpp:1166
Event: 3.921 Thread 0x0438a800 Threw 0x23a2e728 at C:\jdk7u2_32P\jdk7u21\hotspot\src\share\vm\prims\jvm.cpp:1166
Event: 3.923 Thread 0x0438a800 Threw 0x23a31518 at C:\jdk7u2_32P\jdk7u21\hotspot\src\share\vm\prims\jvm.cpp:1166

Events (10 events):
Event: 3.919 loading class 0x044990f0
Event: 3.919 loading class 0x044990f0 done
Event: 3.920 loading class 0x044704a0
Event: 3.920 loading class 0x044704a0 done
Event: 3.921 loading class 0x044702c0
Event: 3.921 loading class 0x044702c0 done
Event: 3.923 loading class 0x04470450
Event: 3.923 loading class 0x04470450 done
Event: 3.926 loading class 0x38d05320
Event: 3.927 loading class 0x38d05320 done


Dynamic libraries:
0x012f0000 - 0x0131f000 	C:\Program Files\Java\jdk1.7.0_21\bin\java.exe
0x77340000 - 0x7747c000 	C:\Windows\SYSTEM32\ntdll.dll
0x76d40000 - 0x76e14000 	C:\Windows\system32\kernel32.dll
0x75500000 - 0x7554a000 	C:\Windows\system32\KERNELBASE.dll
0x76ca0000 - 0x76d40000 	C:\Windows\system32\ADVAPI32.dll
0x76740000 - 0x767ec000 	C:\Windows\system32\msvcrt.dll
0x77490000 - 0x774a9000 	C:\Windows\SYSTEM32\sechost.dll
0x767f0000 - 0x76891000 	C:\Windows\system32\RPCRT4.dll
0x76430000 - 0x764f9000 	C:\Windows\system32\USER32.dll
0x77520000 - 0x7756e000 	C:\Windows\system32\GDI32.dll
0x774c0000 - 0x774ca000 	C:\Windows\system32\LPK.dll
0x768a0000 - 0x7693d000 	C:\Windows\system32\USP10.dll
0x742f0000 - 0x7448e000 	C:\Windows\WinSxS\x86_microsoft.windows.common-controls_6595b64144ccf1df_6.0.7600.16385_none_421189da2b7fabfc\COMCTL32.dll
0x76940000 - 0x76997000 	C:\Windows\system32\SHLWAPI.dll
0x757c0000 - 0x757df000 	C:\Windows\system32\IMM32.DLL
0x76b50000 - 0x76c1c000 	C:\Windows\system32\MSCTF.dll
0x753e0000 - 0x75481000 	C:\Windows\system32\Scdetour.dll
0x0f000000 - 0x0f006000 	C:\Windows\system32\detoured.dll
0x774b0000 - 0x774b5000 	C:\Windows\system32\PSAPI.DLL
0x74fe0000 - 0x75375000 	c:\progra~2\bitguard\271832~1.68\{c16c1~1\bitguard.dll
0x757e0000 - 0x76429000 	C:\Windows\system32\SHELL32.dll
0x769a0000 - 0x76afc000 	C:\Windows\system32\ole32.dll
0x76e20000 - 0x76eaf000 	C:\Windows\system32\OLEAUT32.dll
0x74fd0000 - 0x74fd9000 	C:\Windows\system32\VERSION.dll
0x774f0000 - 0x7751a000 	C:\Windows\system32\imagehlp.dll
0x74f70000 - 0x74fc8000 	C:\Windows\system32\WINHTTP.dll
0x74f20000 - 0x74f6f000 	C:\Windows\system32\webio.dll
0x5fe50000 - 0x5ff0e000 	C:\Program Files\Java\jdk1.7.0_21\jre\bin\msvcr100.dll
0x6e3b0000 - 0x6e6ff000 	C:\Program Files\Java\jdk1.7.0_21\jre\bin\client\jvm.dll
0x710f0000 - 0x710f7000 	C:\Windows\system32\WSOCK32.dll
0x75780000 - 0x757b5000 	C:\Windows\system32\WS2_32.dll
0x774e0000 - 0x774e6000 	C:\Windows\system32\NSI.dll
0x732f0000 - 0x73322000 	C:\Windows\system32\WINMM.dll
0x733d0000 - 0x733dc000 	C:\Program Files\Java\jdk1.7.0_21\jre\bin\verify.dll
0x6d420000 - 0x6d440000 	C:\Program Files\Java\jdk1.7.0_21\jre\bin\java.dll
0x6d320000 - 0x6d333000 	C:\Program Files\Java\jdk1.7.0_21\jre\bin\zip.dll
0x6c9c0000 - 0x6cb02000 	C:\Program Files\Java\jdk1.7.0_21\jre\bin\awt.dll
0x73ca0000 - 0x73ce0000 	C:\Windows\system32\uxtheme.dll
0x73860000 - 0x73873000 	C:\Windows\system32\dwmapi.dll
0x74ed0000 - 0x74edc000 	C:\Windows\system32\CRYPTBASE.dll
0x72e30000 - 0x72e61000 	C:\Program Files\Java\jdk1.7.0_21\jre\bin\fontmanager.dll
0x10000000 - 0x10038000 	C:\Program Files\WIDCOMM\Bluetooth Software\btmmhook.dll
0x6d300000 - 0x6d314000 	C:\Program Files\Java\jdk1.7.0_21\jre\bin\net.dll
0x749c0000 - 0x749fc000 	C:\Windows\system32\mswsock.dll
0x749b0000 - 0x749b6000 	C:\Windows\System32\wship6.dll
0x73330000 - 0x7333e000 	C:\Program Files\Java\jdk1.7.0_21\jre\bin\nio.dll
0x6d3b0000 - 0x6d3e0000 	C:\Program Files\Java\jdk1.7.0_21\jre\bin\t2k.dll
0x770b0000 - 0x77133000 	C:\Windows\system32\CLBCatQ.DLL
0x6d340000 - 0x6d364000 	C:\Program Files\Java\jdk1.7.0_21\jre\bin\dcpr.dll
0x64320000 - 0x643de000 	C:\Users\rahul\AppData\Local\Temp\javacpp3220562293989\msvcr100.dll
0x635e0000 - 0x63649000 	C:\Users\rahul\AppData\Local\Temp\javacpp3220562293989\msvcp100.dll
0x0f5d0000 - 0x0f7d6000 	C:\Users\rahul\AppData\Local\Temp\javacpp3220562293989\opencv_core248.dll
0x5aaa0000 - 0x5ab15000 	C:\Users\rahul\AppData\Local\Temp\javacpp3220562293989\jniopencv_core.dll
0x05410000 - 0x06346000 	C:\Users\rahul\AppData\Local\Temp\javacpp3220562293989\opencv_ffmpeg248.dll
0x0f940000 - 0x0fbab000 	C:\Users\rahul\AppData\Local\Temp\javacpp3220562293989\opencv_imgproc248.dll
0x0fdd0000 - 0x0ffd7000 	C:\Users\rahul\AppData\Local\Temp\javacpp3220562293989\opencv_highgui248.dll
0x65110000 - 0x65129000 	C:\Windows\system32\AVIFIL32.dll
0x652b0000 - 0x652c4000 	C:\Windows\system32\MSACM32.dll
0x650e0000 - 0x65101000 	C:\Windows\system32\MSVFW32.dll
0x64f90000 - 0x64fa3000 	C:\Windows\system32\AVICAP32.dll
0x71a70000 - 0x71a7f000 	C:\Users\rahul\AppData\Local\Temp\javacpp3220562293989\jniopencv_highgui.dll
0x62610000 - 0x62624000 	C:\Windows\system32\devenum.dll
0x76f10000 - 0x770ad000 	C:\Windows\system32\setupapi.dll
0x75550000 - 0x75577000 	C:\Windows\system32\CFGMGR32.dll
0x75610000 - 0x75622000 	C:\Windows\system32\DEVOBJ.dll
0x74630000 - 0x74651000 	C:\Windows\system32\ntmarta.dll
0x76b00000 - 0x76b45000 	C:\Windows\system32\WLDAP32.dll
0x75630000 - 0x7565d000 	C:\Windows\system32\WINTRUST.dll
0x75660000 - 0x7577c000 	C:\Windows\system32\CRYPT32.dll
0x77480000 - 0x7748c000 	C:\Windows\system32\MSASN1.dll
0x65ff0000 - 0x65ffb000 	C:\Windows\system32\msdmo.dll
0x73880000 - 0x738b9000 	C:\Windows\system32\MMDevAPI.DLL
0x73ce0000 - 0x73dd5000 	C:\Windows\system32\PROPSYS.dll
0x657e0000 - 0x65810000 	C:\Windows\system32\wdmaud.drv
0x657d0000 - 0x657d4000 	C:\Windows\system32\ksuser.dll
0x73460000 - 0x73467000 	C:\Windows\system32\AVRT.dll
0x731b0000 - 0x731e6000 	C:\Windows\system32\AUDIOSES.DLL
0x652d0000 - 0x652d8000 	C:\Windows\system32\msacm32.drv
0x652a0000 - 0x652a7000 	C:\Windows\system32\midimap.dll
0x64eb0000 - 0x64ee9000 	C:\Users\rahul\AppData\Local\Temp\javacpp3220562293989\jniopencv_imgproc.dll
0x6de00000 - 0x6deeb000 	C:\Windows\system32\dbghelp.dll

VM Arguments:
jvm_args: -Dfile.encoding=UTF-8 
java_command: javaapplication3.WebcamInitiation
Launcher Type: SUN_STANDARD

Environment Variables:
PATH=C:\Program Files\Broadcom\Broadcom 802.11\Driver;C:\Windows\system32;C:\Windows;C:\Windows\System32\Wbem;C:\Windows\System32\WindowsPowerShell\v1.0\;C:\Program Files\Intel\OpenCL SDK\2.0\bin\x86;C:\Program Files\Intel\WiFi\bin\;C:\Program Files\Common Files\Intel\WirelessCommon\;C:\opencv\build\x86\vc10\bin;C:\Program Files\WIDCOMM\Bluetooth Software\;I:\RailsInstaller\Git\cmd;I:\RailsInstaller\Ruby1.9.3\bin;C:\Ruby187\bin;C:\Program Files\Broadcom\Broadcom 802.11\Driver;C:\Windows\system32;C:\Windows;C:\Windows\System32\Wbem;C:\Windows\System32\WindowsPowerShell\v1.0\;C:\Program Files\Intel\OpenCL SDK\2.0\bin\x86;C:\Program Files\Intel\WiFi\bin\;C:\Program Files\Common Files\Intel\WirelessCommon\;C:\opencv\build\x86\vc10\bin;C:\Program Files\WIDCOMM\Bluetooth Software\;c:\program files\java\jdk1.7.0_21\bin;C:\Program Files\Intel\WiFi\bin\;C:\Program Files\Common Files\Intel\WirelessCommon\; DERBY_HOME\bin;C:\opencv\build\x86\vc10\bin;C:\TC\BIN;C:\TC\LIB;C:\TC\INCLUDE;
USERNAME=rahul
OS=Windows_NT
PROCESSOR_IDENTIFIER=x86 Family 6 Model 42 Stepping 7, GenuineIntel



---------------  S Y S T E M  ---------------

OS: Windows 7 Build 7600 

CPU:total 4 (2 cores per cpu, 2 threads per core) family 6 model 42 stepping 7, cmov, cx8, fxsr, mmx, sse, sse2, sse3, ssse3, sse4.1, sse4.2, popcnt, ht, tsc, tscinvbit

Memory: 4k page, physical 1988976k(146588k free), swap 3977952k(1225672k free)

vm_info: Java HotSpot(TM) Client VM (23.21-b01) for windows-x86 JRE (1.7.0_21-b11), built on Apr  4 2013 04:43:10 by "java_re" with unknown MS VC++:1600

time: Tue Jan 13 19:08:52 2015
elapsed time: 4 seconds

